{"C:\\Users\\bobba\\Desktop\\workspace\\personal\\dd-mm-creator\\Microservices\\AuthService\\build\\app.js": {"path":"C:\\Users\\bobba\\Desktop\\workspace\\personal\\dd-mm-creator\\Microservices\\AuthService\\build\\app.js","all":true,"statementMap":{"0":{"start":{"line":1,"column":0},"end":{"line":1,"column":13}},"1":{"start":{"line":2,"column":0},"end":{"line":2,"column":72}},"2":{"start":{"line":3,"column":0},"end":{"line":3,"column":62}},"3":{"start":{"line":4,"column":0},"end":{"line":4,"column":2}},"4":{"start":{"line":5,"column":0},"end":{"line":5,"column":62}},"5":{"start":{"line":6,"column":0},"end":{"line":6,"column":54}},"6":{"start":{"line":7,"column":0},"end":{"line":7,"column":37}},"7":{"start":{"line":8,"column":0},"end":{"line":8,"column":22}}},"s":{"0":0,"1":0,"2":0,"3":0,"4":0,"5":0,"6":0,"7":0},"branchMap":{"0":{"type":"branch","line":1,"loc":{"start":{"line":1,"column":331},"end":{"line":8,"column":22}},"locations":[{"start":{"line":1,"column":331},"end":{"line":8,"column":22}}]}},"b":{"0":[0]},"fnMap":{"0":{"name":"(empty-report)","decl":{"start":{"line":1,"column":331},"end":{"line":8,"column":22}},"loc":{"start":{"line":1,"column":331},"end":{"line":8,"column":22}},"line":1}},"f":{"0":0}}
,"C:\\Users\\bobba\\Desktop\\workspace\\personal\\dd-mm-creator\\Microservices\\AuthService\\build\\routes.ts": {"path":"C:\\Users\\bobba\\Desktop\\workspace\\personal\\dd-mm-creator\\Microservices\\AuthService\\build\\routes.ts","all":false,"statementMap":{"4":{"start":{"line":5,"column":0},"end":{"line":5,"column":74}},"6":{"start":{"line":7,"column":0},"end":{"line":7,"column":58}},"7":{"start":{"line":8,"column":0},"end":{"line":8,"column":66}},"11":{"start":{"line":12,"column":0},"end":{"line":12,"column":155}},"16":{"start":{"line":17,"column":0},"end":{"line":17,"column":34}},"17":{"start":{"line":18,"column":0},"end":{"line":18,"column":13}},"18":{"start":{"line":19,"column":0},"end":{"line":19,"column":31}},"19":{"start":{"line":20,"column":0},"end":{"line":20,"column":174}},"20":{"start":{"line":21,"column":0},"end":{"line":21,"column":6}},"22":{"start":{"line":23,"column":0},"end":{"line":23,"column":22}},"23":{"start":{"line":24,"column":0},"end":{"line":24,"column":32}},"24":{"start":{"line":25,"column":0},"end":{"line":25,"column":23}},"25":{"start":{"line":26,"column":0},"end":{"line":26,"column":58}},"26":{"start":{"line":27,"column":0},"end":{"line":27,"column":43}},"27":{"start":{"line":28,"column":0},"end":{"line":28,"column":58}},"28":{"start":{"line":29,"column":0},"end":{"line":29,"column":10}},"29":{"start":{"line":30,"column":0},"end":{"line":30,"column":38}},"30":{"start":{"line":31,"column":0},"end":{"line":31,"column":6}},"32":{"start":{"line":33,"column":0},"end":{"line":33,"column":14}},"33":{"start":{"line":34,"column":0},"end":{"line":34,"column":31}},"34":{"start":{"line":35,"column":0},"end":{"line":35,"column":125}},"35":{"start":{"line":36,"column":0},"end":{"line":36,"column":6}},"37":{"start":{"line":38,"column":0},"end":{"line":38,"column":20}},"38":{"start":{"line":39,"column":0},"end":{"line":39,"column":32}},"39":{"start":{"line":40,"column":0},"end":{"line":40,"column":23}},"40":{"start":{"line":41,"column":0},"end":{"line":41,"column":53}},"41":{"start":{"line":42,"column":0},"end":{"line":42,"column":62}},"42":{"start":{"line":43,"column":0},"end":{"line":43,"column":10}},"43":{"start":{"line":44,"column":0},"end":{"line":44,"column":38}},"44":{"start":{"line":45,"column":0},"end":{"line":45,"column":6}},"46":{"start":{"line":47,"column":0},"end":{"line":47,"column":13}},"47":{"start":{"line":48,"column":0},"end":{"line":48,"column":32}},"48":{"start":{"line":49,"column":0},"end":{"line":49,"column":23}},"49":{"start":{"line":50,"column":0},"end":{"line":50,"column":58}},"50":{"start":{"line":51,"column":0},"end":{"line":51,"column":43}},"51":{"start":{"line":52,"column":0},"end":{"line":52,"column":10}},"52":{"start":{"line":53,"column":0},"end":{"line":53,"column":38}},"53":{"start":{"line":54,"column":0},"end":{"line":54,"column":6}},"55":{"start":{"line":56,"column":0},"end":{"line":56,"column":20}},"56":{"start":{"line":57,"column":0},"end":{"line":57,"column":32}},"57":{"start":{"line":58,"column":0},"end":{"line":58,"column":23}},"58":{"start":{"line":59,"column":0},"end":{"line":59,"column":56}},"59":{"start":{"line":60,"column":0},"end":{"line":60,"column":43}},"60":{"start":{"line":61,"column":0},"end":{"line":61,"column":10}},"61":{"start":{"line":62,"column":0},"end":{"line":62,"column":38}},"62":{"start":{"line":63,"column":0},"end":{"line":63,"column":6}},"64":{"start":{"line":65,"column":0},"end":{"line":65,"column":16}},"65":{"start":{"line":66,"column":0},"end":{"line":66,"column":32}},"66":{"start":{"line":67,"column":0},"end":{"line":67,"column":23}},"67":{"start":{"line":68,"column":0},"end":{"line":68,"column":58}},"68":{"start":{"line":69,"column":0},"end":{"line":69,"column":43}},"69":{"start":{"line":70,"column":0},"end":{"line":70,"column":62}},"70":{"start":{"line":71,"column":0},"end":{"line":71,"column":10}},"71":{"start":{"line":72,"column":0},"end":{"line":72,"column":38}},"72":{"start":{"line":73,"column":0},"end":{"line":73,"column":6}},"74":{"start":{"line":75,"column":0},"end":{"line":75,"column":2}},"75":{"start":{"line":76,"column":0},"end":{"line":76,"column":133}},"82":{"start":{"line":83,"column":0},"end":{"line":83,"column":45}},"91":{"start":{"line":92,"column":0},"end":{"line":92,"column":85}},"92":{"start":{"line":93,"column":0},"end":{"line":93,"column":100}},"93":{"start":{"line":94,"column":0},"end":{"line":94,"column":10}},"94":{"start":{"line":95,"column":0},"end":{"line":95,"column":31}},"95":{"start":{"line":96,"column":0},"end":{"line":96,"column":66}},"96":{"start":{"line":97,"column":0},"end":{"line":97,"column":82}},"98":{"start":{"line":99,"column":0},"end":{"line":99,"column":102}},"102":{"start":{"line":103,"column":0},"end":{"line":103,"column":42}},"103":{"start":{"line":104,"column":0},"end":{"line":104,"column":17}},"104":{"start":{"line":105,"column":0},"end":{"line":105,"column":120}},"106":{"start":{"line":107,"column":0},"end":{"line":107,"column":56}},"108":{"start":{"line":109,"column":0},"end":{"line":109,"column":48}},"109":{"start":{"line":110,"column":0},"end":{"line":110,"column":36}},"110":{"start":{"line":111,"column":0},"end":{"line":111,"column":27}},"111":{"start":{"line":112,"column":0},"end":{"line":112,"column":25}},"112":{"start":{"line":113,"column":0},"end":{"line":113,"column":21}},"113":{"start":{"line":114,"column":0},"end":{"line":114,"column":30}},"114":{"start":{"line":115,"column":0},"end":{"line":115,"column":41}},"115":{"start":{"line":116,"column":0},"end":{"line":116,"column":17}},"116":{"start":{"line":117,"column":0},"end":{"line":117,"column":27}},"117":{"start":{"line":118,"column":0},"end":{"line":118,"column":33}},"118":{"start":{"line":119,"column":0},"end":{"line":119,"column":13}},"119":{"start":{"line":120,"column":0},"end":{"line":120,"column":11}},"121":{"start":{"line":122,"column":0},"end":{"line":122,"column":91}},"122":{"start":{"line":123,"column":0},"end":{"line":123,"column":95}},"123":{"start":{"line":124,"column":0},"end":{"line":124,"column":10}},"124":{"start":{"line":125,"column":0},"end":{"line":125,"column":33}},"125":{"start":{"line":126,"column":0},"end":{"line":126,"column":49}},"126":{"start":{"line":127,"column":0},"end":{"line":127,"column":66}},"127":{"start":{"line":128,"column":0},"end":{"line":128,"column":88}},"129":{"start":{"line":130,"column":0},"end":{"line":130,"column":108}},"133":{"start":{"line":134,"column":0},"end":{"line":134,"column":42}},"134":{"start":{"line":135,"column":0},"end":{"line":135,"column":17}},"135":{"start":{"line":136,"column":0},"end":{"line":136,"column":126}},"137":{"start":{"line":138,"column":0},"end":{"line":138,"column":56}},"139":{"start":{"line":140,"column":0},"end":{"line":140,"column":48}},"140":{"start":{"line":141,"column":0},"end":{"line":141,"column":42}},"141":{"start":{"line":142,"column":0},"end":{"line":142,"column":27}},"142":{"start":{"line":143,"column":0},"end":{"line":143,"column":25}},"143":{"start":{"line":144,"column":0},"end":{"line":144,"column":21}},"144":{"start":{"line":145,"column":0},"end":{"line":145,"column":30}},"145":{"start":{"line":146,"column":0},"end":{"line":146,"column":41}},"146":{"start":{"line":147,"column":0},"end":{"line":147,"column":17}},"147":{"start":{"line":148,"column":0},"end":{"line":148,"column":27}},"148":{"start":{"line":149,"column":0},"end":{"line":149,"column":33}},"149":{"start":{"line":150,"column":0},"end":{"line":150,"column":13}},"150":{"start":{"line":151,"column":0},"end":{"line":151,"column":11}},"152":{"start":{"line":153,"column":0},"end":{"line":153,"column":88}},"153":{"start":{"line":154,"column":0},"end":{"line":154,"column":95}},"154":{"start":{"line":155,"column":0},"end":{"line":155,"column":10}},"155":{"start":{"line":156,"column":0},"end":{"line":156,"column":33}},"156":{"start":{"line":157,"column":0},"end":{"line":157,"column":49}},"157":{"start":{"line":158,"column":0},"end":{"line":158,"column":66}},"158":{"start":{"line":159,"column":0},"end":{"line":159,"column":85}},"160":{"start":{"line":161,"column":0},"end":{"line":161,"column":105}},"164":{"start":{"line":165,"column":0},"end":{"line":165,"column":42}},"165":{"start":{"line":166,"column":0},"end":{"line":166,"column":17}},"166":{"start":{"line":167,"column":0},"end":{"line":167,"column":123}},"168":{"start":{"line":169,"column":0},"end":{"line":169,"column":56}},"170":{"start":{"line":171,"column":0},"end":{"line":171,"column":48}},"171":{"start":{"line":172,"column":0},"end":{"line":172,"column":39}},"172":{"start":{"line":173,"column":0},"end":{"line":173,"column":27}},"173":{"start":{"line":174,"column":0},"end":{"line":174,"column":25}},"174":{"start":{"line":175,"column":0},"end":{"line":175,"column":21}},"175":{"start":{"line":176,"column":0},"end":{"line":176,"column":30}},"176":{"start":{"line":177,"column":0},"end":{"line":177,"column":41}},"177":{"start":{"line":178,"column":0},"end":{"line":178,"column":17}},"178":{"start":{"line":179,"column":0},"end":{"line":179,"column":27}},"179":{"start":{"line":180,"column":0},"end":{"line":180,"column":33}},"180":{"start":{"line":181,"column":0},"end":{"line":181,"column":13}},"181":{"start":{"line":182,"column":0},"end":{"line":182,"column":11}},"183":{"start":{"line":184,"column":0},"end":{"line":184,"column":86}},"184":{"start":{"line":185,"column":0},"end":{"line":185,"column":96}},"185":{"start":{"line":186,"column":0},"end":{"line":186,"column":10}},"186":{"start":{"line":187,"column":0},"end":{"line":187,"column":32}},"187":{"start":{"line":188,"column":0},"end":{"line":188,"column":66}},"188":{"start":{"line":189,"column":0},"end":{"line":189,"column":83}},"190":{"start":{"line":191,"column":0},"end":{"line":191,"column":103}},"194":{"start":{"line":195,"column":0},"end":{"line":195,"column":42}},"195":{"start":{"line":196,"column":0},"end":{"line":196,"column":17}},"196":{"start":{"line":197,"column":0},"end":{"line":197,"column":121}},"198":{"start":{"line":199,"column":0},"end":{"line":199,"column":56}},"200":{"start":{"line":201,"column":0},"end":{"line":201,"column":48}},"201":{"start":{"line":202,"column":0},"end":{"line":202,"column":37}},"202":{"start":{"line":203,"column":0},"end":{"line":203,"column":27}},"203":{"start":{"line":204,"column":0},"end":{"line":204,"column":25}},"204":{"start":{"line":205,"column":0},"end":{"line":205,"column":21}},"205":{"start":{"line":206,"column":0},"end":{"line":206,"column":30}},"206":{"start":{"line":207,"column":0},"end":{"line":207,"column":41}},"207":{"start":{"line":208,"column":0},"end":{"line":208,"column":17}},"208":{"start":{"line":209,"column":0},"end":{"line":209,"column":27}},"209":{"start":{"line":210,"column":0},"end":{"line":210,"column":33}},"210":{"start":{"line":211,"column":0},"end":{"line":211,"column":13}},"211":{"start":{"line":212,"column":0},"end":{"line":212,"column":11}},"219":{"start":{"line":220,"column":0},"end":{"line":220,"column":74}},"220":{"start":{"line":221,"column":0},"end":{"line":221,"column":99}},"227":{"start":{"line":228,"column":0},"end":{"line":228,"column":45}},"228":{"start":{"line":229,"column":0},"end":{"line":229,"column":52}},"229":{"start":{"line":230,"column":0},"end":{"line":230,"column":43}},"230":{"start":{"line":231,"column":0},"end":{"line":231,"column":28}},"231":{"start":{"line":232,"column":0},"end":{"line":232,"column":14}},"233":{"start":{"line":234,"column":0},"end":{"line":234,"column":59}},"234":{"start":{"line":235,"column":0},"end":{"line":235,"column":47}},"235":{"start":{"line":236,"column":0},"end":{"line":236,"column":56}},"236":{"start":{"line":237,"column":0},"end":{"line":237,"column":68}},"238":{"start":{"line":239,"column":0},"end":{"line":239,"column":51}},"239":{"start":{"line":240,"column":0},"end":{"line":240,"column":50}},"240":{"start":{"line":241,"column":0},"end":{"line":241,"column":99}},"241":{"start":{"line":242,"column":0},"end":{"line":242,"column":54}},"242":{"start":{"line":243,"column":0},"end":{"line":243,"column":26}},"243":{"start":{"line":244,"column":0},"end":{"line":244,"column":21}},"247":{"start":{"line":248,"column":0},"end":{"line":248,"column":78}},"248":{"start":{"line":249,"column":0},"end":{"line":249,"column":62}},"249":{"start":{"line":250,"column":0},"end":{"line":250,"column":24}},"250":{"start":{"line":251,"column":0},"end":{"line":251,"column":51}},"251":{"start":{"line":252,"column":0},"end":{"line":252,"column":49}},"252":{"start":{"line":253,"column":0},"end":{"line":253,"column":99}},"253":{"start":{"line":254,"column":0},"end":{"line":254,"column":54}},"254":{"start":{"line":255,"column":0},"end":{"line":255,"column":26}},"255":{"start":{"line":256,"column":0},"end":{"line":256,"column":21}},"256":{"start":{"line":257,"column":0},"end":{"line":257,"column":17}},"257":{"start":{"line":258,"column":0},"end":{"line":258,"column":13}},"261":{"start":{"line":262,"column":0},"end":{"line":262,"column":17}},"262":{"start":{"line":263,"column":0},"end":{"line":263,"column":73}},"265":{"start":{"line":266,"column":0},"end":{"line":266,"column":45}},"266":{"start":{"line":267,"column":0},"end":{"line":267,"column":27}},"267":{"start":{"line":268,"column":0},"end":{"line":268,"column":17}},"269":{"start":{"line":270,"column":0},"end":{"line":270,"column":23}},"270":{"start":{"line":271,"column":0},"end":{"line":271,"column":13}},"271":{"start":{"line":272,"column":0},"end":{"line":272,"column":24}},"273":{"start":{"line":274,"column":0},"end":{"line":274,"column":51}},"274":{"start":{"line":275,"column":0},"end":{"line":275,"column":51}},"277":{"start":{"line":278,"column":0},"end":{"line":278,"column":45}},"278":{"start":{"line":279,"column":0},"end":{"line":279,"column":27}},"279":{"start":{"line":280,"column":0},"end":{"line":280,"column":17}},"280":{"start":{"line":281,"column":0},"end":{"line":281,"column":28}},"281":{"start":{"line":282,"column":0},"end":{"line":282,"column":13}},"284":{"start":{"line":285,"column":0},"end":{"line":285,"column":9}},"285":{"start":{"line":286,"column":0},"end":{"line":286,"column":5}},"288":{"start":{"line":289,"column":0},"end":{"line":289,"column":1}}},"s":{"4":1,"6":1,"7":1,"11":1,"16":1,"17":1,"18":1,"19":1,"20":1,"22":1,"23":1,"24":1,"25":1,"26":1,"27":1,"28":1,"29":1,"30":1,"32":1,"33":1,"34":1,"35":1,"37":1,"38":1,"39":1,"40":1,"41":1,"42":1,"43":1,"44":1,"46":1,"47":1,"48":1,"49":1,"50":1,"51":1,"52":1,"53":1,"55":1,"56":1,"57":1,"58":1,"59":1,"60":1,"61":1,"62":1,"64":1,"65":1,"66":1,"67":1,"68":1,"69":1,"70":1,"71":1,"72":1,"74":1,"75":1,"82":1,"91":1,"92":1,"93":1,"94":1,"95":1,"96":1,"98":1,"102":4,"103":4,"104":4,"106":4,"108":4,"109":4,"110":4,"111":4,"112":4,"113":4,"114":4,"115":4,"116":4,"117":0,"118":0,"119":1,"121":1,"122":1,"123":1,"124":1,"125":1,"126":1,"127":1,"129":1,"133":1,"134":1,"135":1,"137":1,"139":1,"140":1,"141":1,"142":1,"143":1,"144":1,"145":1,"146":1,"147":1,"148":0,"149":0,"150":1,"152":1,"153":1,"154":1,"155":1,"156":1,"157":1,"158":1,"160":1,"164":1,"165":1,"166":1,"168":1,"170":1,"171":1,"172":1,"173":1,"174":1,"175":1,"176":1,"177":1,"178":1,"179":0,"180":0,"181":1,"183":1,"184":1,"185":1,"186":1,"187":1,"188":1,"190":1,"194":2,"195":2,"196":2,"198":2,"200":2,"201":2,"202":2,"203":2,"204":2,"205":2,"206":2,"207":2,"208":2,"209":0,"210":0,"211":1,"219":1,"220":2,"227":4,"228":4,"229":1,"230":1,"231":1,"233":4,"234":4,"235":4,"236":0,"238":0,"239":0,"240":0,"241":0,"242":0,"243":0,"247":0,"248":0,"249":4,"250":4,"251":4,"252":4,"253":4,"254":4,"255":4,"256":3,"257":4,"261":3,"262":3,"265":4,"266":0,"267":0,"269":2,"270":2,"271":1,"273":1,"274":1,"277":1,"278":0,"279":0,"280":1,"281":1,"284":4,"285":2,"288":1},"branchMap":{"0":{"type":"branch","line":83,"loc":{"start":{"line":83,"column":7},"end":{"line":289,"column":1}},"locations":[{"start":{"line":83,"column":7},"end":{"line":289,"column":1}}]},"1":{"type":"branch","line":99,"loc":{"start":{"line":99,"column":12},"end":{"line":120,"column":9}},"locations":[{"start":{"line":99,"column":12},"end":{"line":120,"column":9}}]},"2":{"type":"branch","line":117,"loc":{"start":{"line":117,"column":12},"end":{"line":119,"column":13}},"locations":[{"start":{"line":117,"column":12},"end":{"line":119,"column":13}}]},"3":{"type":"branch","line":130,"loc":{"start":{"line":130,"column":12},"end":{"line":151,"column":9}},"locations":[{"start":{"line":130,"column":12},"end":{"line":151,"column":9}}]},"4":{"type":"branch","line":148,"loc":{"start":{"line":148,"column":12},"end":{"line":150,"column":13}},"locations":[{"start":{"line":148,"column":12},"end":{"line":150,"column":13}}]},"5":{"type":"branch","line":161,"loc":{"start":{"line":161,"column":12},"end":{"line":182,"column":9}},"locations":[{"start":{"line":161,"column":12},"end":{"line":182,"column":9}}]},"6":{"type":"branch","line":179,"loc":{"start":{"line":179,"column":12},"end":{"line":181,"column":13}},"locations":[{"start":{"line":179,"column":12},"end":{"line":181,"column":13}}]},"7":{"type":"branch","line":191,"loc":{"start":{"line":191,"column":12},"end":{"line":212,"column":9}},"locations":[{"start":{"line":191,"column":12},"end":{"line":212,"column":9}}]},"8":{"type":"branch","line":209,"loc":{"start":{"line":209,"column":12},"end":{"line":211,"column":13}},"locations":[{"start":{"line":209,"column":12},"end":{"line":211,"column":13}}]},"9":{"type":"branch","line":220,"loc":{"start":{"line":220,"column":4},"end":{"line":286,"column":5}},"locations":[{"start":{"line":220,"column":4},"end":{"line":286,"column":5}}]},"10":{"type":"branch","line":221,"loc":{"start":{"line":221,"column":15},"end":{"line":285,"column":9}},"locations":[{"start":{"line":221,"column":15},"end":{"line":285,"column":9}}]},"11":{"type":"branch","line":236,"loc":{"start":{"line":236,"column":55},"end":{"line":250,"column":23}},"locations":[{"start":{"line":236,"column":55},"end":{"line":250,"column":23}}]},"12":{"type":"branch","line":256,"loc":{"start":{"line":256,"column":20},"end":{"line":257,"column":17}},"locations":[{"start":{"line":256,"column":20},"end":{"line":257,"column":17}}]},"13":{"type":"branch","line":258,"loc":{"start":{"line":258,"column":12},"end":{"line":263,"column":73}},"locations":[{"start":{"line":258,"column":12},"end":{"line":263,"column":73}}]},"14":{"type":"branch","line":263,"loc":{"start":{"line":263,"column":71},"end":{"line":266,"column":44}},"locations":[{"start":{"line":263,"column":71},"end":{"line":266,"column":44}}]},"15":{"type":"branch","line":266,"loc":{"start":{"line":266,"column":44},"end":{"line":268,"column":17}},"locations":[{"start":{"line":266,"column":44},"end":{"line":268,"column":17}}]},"16":{"type":"branch","line":268,"loc":{"start":{"line":268,"column":16},"end":{"line":271,"column":13}},"locations":[{"start":{"line":268,"column":16},"end":{"line":271,"column":13}}]},"17":{"type":"branch","line":271,"loc":{"start":{"line":271,"column":12},"end":{"line":282,"column":13}},"locations":[{"start":{"line":271,"column":12},"end":{"line":282,"column":13}}]},"18":{"type":"branch","line":275,"loc":{"start":{"line":275,"column":37},"end":{"line":275,"column":51}},"locations":[{"start":{"line":275,"column":37},"end":{"line":275,"column":51}}]},"19":{"type":"branch","line":278,"loc":{"start":{"line":278,"column":44},"end":{"line":280,"column":17}},"locations":[{"start":{"line":278,"column":44},"end":{"line":280,"column":17}}]},"20":{"type":"branch","line":229,"loc":{"start":{"line":229,"column":35},"end":{"line":232,"column":14}},"locations":[{"start":{"line":229,"column":35},"end":{"line":232,"column":14}}]}},"b":{"0":[1],"1":[4],"2":[0],"3":[1],"4":[0],"5":[1],"6":[0],"7":[2],"8":[0],"9":[2],"10":[4],"11":[0],"12":[3],"13":[3],"14":[2],"15":[0],"16":[2],"17":[1],"18":[0],"19":[0],"20":[1]},"fnMap":{"0":{"name":"RegisterRoutes","decl":{"start":{"line":83,"column":7},"end":{"line":289,"column":1}},"loc":{"start":{"line":83,"column":7},"end":{"line":289,"column":1}},"line":83},"1":{"name":"AuthController_login","decl":{"start":{"line":99,"column":12},"end":{"line":120,"column":9}},"loc":{"start":{"line":99,"column":12},"end":{"line":120,"column":9}},"line":99},"2":{"name":"AuthController_getUserInfo","decl":{"start":{"line":130,"column":12},"end":{"line":151,"column":9}},"loc":{"start":{"line":130,"column":12},"end":{"line":151,"column":9}},"line":130},"3":{"name":"AuthController_validJwt","decl":{"start":{"line":161,"column":12},"end":{"line":182,"column":9}},"loc":{"start":{"line":161,"column":12},"end":{"line":182,"column":9}},"line":161},"4":{"name":"AuthController_signup","decl":{"start":{"line":191,"column":12},"end":{"line":212,"column":9}},"loc":{"start":{"line":191,"column":12},"end":{"line":212,"column":9}},"line":191},"5":{"name":"authenticateMiddleware","decl":{"start":{"line":220,"column":4},"end":{"line":286,"column":5}},"loc":{"start":{"line":220,"column":4},"end":{"line":286,"column":5}},"line":220},"6":{"name":"runAuthenticationMiddleware","decl":{"start":{"line":221,"column":15},"end":{"line":285,"column":9}},"loc":{"start":{"line":221,"column":15},"end":{"line":285,"column":9}},"line":221},"7":{"name":"pushAndRethrow","decl":{"start":{"line":229,"column":35},"end":{"line":232,"column":14}},"loc":{"start":{"line":229,"column":35},"end":{"line":232,"column":14}},"line":229}},"f":{"0":1,"1":4,"2":1,"3":1,"4":2,"5":2,"6":4,"7":1}}
,"C:\\Users\\bobba\\Desktop\\workspace\\personal\\dd-mm-creator\\Microservices\\AuthService\\build\\server.js": {"path":"C:\\Users\\bobba\\Desktop\\workspace\\personal\\dd-mm-creator\\Microservices\\AuthService\\build\\server.js","all":true,"statementMap":{"0":{"start":{"line":1,"column":0},"end":{"line":1,"column":13}},"1":{"start":{"line":2,"column":0},"end":{"line":2,"column":72}},"2":{"start":{"line":3,"column":0},"end":{"line":3,"column":62}},"3":{"start":{"line":4,"column":0},"end":{"line":4,"column":2}},"4":{"start":{"line":5,"column":0},"end":{"line":5,"column":62}},"5":{"start":{"line":6,"column":0},"end":{"line":6,"column":48}},"6":{"start":{"line":7,"column":0},"end":{"line":7,"column":34}},"7":{"start":{"line":8,"column":0},"end":{"line":8,"column":47}},"8":{"start":{"line":9,"column":0},"end":{"line":9,"column":70}},"9":{"start":{"line":10,"column":0},"end":{"line":10,"column":3}}},"s":{"0":0,"1":0,"2":0,"3":0,"4":0,"5":0,"6":0,"7":0,"8":0,"9":0},"branchMap":{"0":{"type":"branch","line":1,"loc":{"start":{"line":1,"column":422},"end":{"line":10,"column":3}},"locations":[{"start":{"line":1,"column":422},"end":{"line":10,"column":3}}]}},"b":{"0":[0]},"fnMap":{"0":{"name":"(empty-report)","decl":{"start":{"line":1,"column":422},"end":{"line":10,"column":3}},"loc":{"start":{"line":1,"column":422},"end":{"line":10,"column":3}},"line":1}},"f":{"0":0}}
,"C:\\Users\\bobba\\Desktop\\workspace\\personal\\dd-mm-creator\\Microservices\\AuthService\\build\\auth\\controller.js": {"path":"C:\\Users\\bobba\\Desktop\\workspace\\personal\\dd-mm-creator\\Microservices\\AuthService\\build\\auth\\controller.js","all":true,"statementMap":{"0":{"start":{"line":1,"column":0},"end":{"line":1,"column":13}},"1":{"start":{"line":2,"column":0},"end":{"line":2,"column":88}},"2":{"start":{"line":3,"column":0},"end":{"line":3,"column":129}},"3":{"start":{"line":4,"column":0},"end":{"line":4,"column":131}},"4":{"start":{"line":5,"column":0},"end":{"line":5,"column":150}},"5":{"start":{"line":6,"column":0},"end":{"line":6,"column":66}},"6":{"start":{"line":7,"column":0},"end":{"line":7,"column":2}},"7":{"start":{"line":8,"column":0},"end":{"line":8,"column":63}},"8":{"start":{"line":9,"column":0},"end":{"line":9,"column":109}},"9":{"start":{"line":10,"column":0},"end":{"line":10,"column":2}},"10":{"start":{"line":11,"column":0},"end":{"line":11,"column":74}},"11":{"start":{"line":12,"column":0},"end":{"line":12,"column":73}},"12":{"start":{"line":13,"column":0},"end":{"line":13,"column":2}},"13":{"start":{"line":14,"column":0},"end":{"line":14,"column":62}},"14":{"start":{"line":15,"column":0},"end":{"line":15,"column":32}},"15":{"start":{"line":16,"column":0},"end":{"line":16,"column":31}},"16":{"start":{"line":17,"column":0},"end":{"line":17,"column":39}},"17":{"start":{"line":18,"column":0},"end":{"line":18,"column":69}},"18":{"start":{"line":19,"column":0},"end":{"line":19,"column":30}},"19":{"start":{"line":20,"column":0},"end":{"line":20,"column":87}},"20":{"start":{"line":21,"column":0},"end":{"line":21,"column":33}},"21":{"start":{"line":22,"column":0},"end":{"line":22,"column":32}},"22":{"start":{"line":23,"column":0},"end":{"line":23,"column":19}},"23":{"start":{"line":24,"column":0},"end":{"line":24,"column":9}},"24":{"start":{"line":25,"column":0},"end":{"line":25,"column":33}},"25":{"start":{"line":26,"column":0},"end":{"line":26,"column":5}},"26":{"start":{"line":27,"column":0},"end":{"line":27,"column":2}},"27":{"start":{"line":28,"column":0},"end":{"line":28,"column":40}},"28":{"start":{"line":29,"column":0},"end":{"line":29,"column":12}},"29":{"start":{"line":30,"column":0},"end":{"line":30,"column":30}},"30":{"start":{"line":31,"column":0},"end":{"line":31,"column":48}},"31":{"start":{"line":32,"column":0},"end":{"line":32,"column":35}},"32":{"start":{"line":33,"column":0},"end":{"line":33,"column":40}},"33":{"start":{"line":34,"column":0},"end":{"line":34,"column":46}},"34":{"start":{"line":35,"column":0},"end":{"line":35,"column":44}},"35":{"start":{"line":36,"column":0},"end":{"line":36,"column":44}},"36":{"start":{"line":37,"column":0},"end":{"line":37,"column":54}},"37":{"start":{"line":38,"column":0},"end":{"line":38,"column":29}},"38":{"start":{"line":39,"column":0},"end":{"line":39,"column":19}}},"s":{"0":0,"1":0,"2":0,"3":0,"4":0,"5":0,"6":0,"7":0,"8":0,"9":0,"10":0,"11":0,"12":0,"13":0,"14":0,"15":0,"16":0,"17":0,"18":0,"19":0,"20":0,"21":0,"22":0,"23":0,"24":0,"25":0,"26":0,"27":0,"28":0,"29":0,"30":0,"31":0,"32":0,"33":0,"34":0,"35":0,"36":0,"37":0,"38":0},"branchMap":{"0":{"type":"branch","line":1,"loc":{"start":{"line":1,"column":0},"end":{"line":39,"column":19}},"locations":[{"start":{"line":1,"column":0},"end":{"line":39,"column":19}}]}},"b":{"0":[0]},"fnMap":{"0":{"name":"(empty-report)","decl":{"start":{"line":1,"column":0},"end":{"line":39,"column":19}},"loc":{"start":{"line":1,"column":0},"end":{"line":39,"column":19}},"line":1}},"f":{"0":0}}
,"C:\\Users\\bobba\\Desktop\\workspace\\personal\\dd-mm-creator\\Microservices\\AuthService\\build\\auth\\expressAuth.js": {"path":"C:\\Users\\bobba\\Desktop\\workspace\\personal\\dd-mm-creator\\Microservices\\AuthService\\build\\auth\\expressAuth.js","all":true,"statementMap":{"0":{"start":{"line":1,"column":0},"end":{"line":1,"column":13}},"1":{"start":{"line":2,"column":0},"end":{"line":2,"column":62}},"2":{"start":{"line":3,"column":0},"end":{"line":3,"column":54}},"3":{"start":{"line":4,"column":0},"end":{"line":4,"column":49}},"4":{"start":{"line":5,"column":0},"end":{"line":5,"column":59}},"5":{"start":{"line":6,"column":0},"end":{"line":6,"column":1}}},"s":{"0":0,"1":0,"2":0,"3":0,"4":0,"5":0},"branchMap":{"0":{"type":"branch","line":1,"loc":{"start":{"line":1,"column":243},"end":{"line":6,"column":1}},"locations":[{"start":{"line":1,"column":243},"end":{"line":6,"column":1}}]}},"b":{"0":[0]},"fnMap":{"0":{"name":"(empty-report)","decl":{"start":{"line":1,"column":243},"end":{"line":6,"column":1}},"loc":{"start":{"line":1,"column":243},"end":{"line":6,"column":1}},"line":1}},"f":{"0":0}}
,"C:\\Users\\bobba\\Desktop\\workspace\\personal\\dd-mm-creator\\Microservices\\AuthService\\build\\auth\\index.js": {"path":"C:\\Users\\bobba\\Desktop\\workspace\\personal\\dd-mm-creator\\Microservices\\AuthService\\build\\auth\\index.js","all":true,"statementMap":{"0":{"start":{"line":1,"column":0},"end":{"line":1,"column":13}},"1":{"start":{"line":2,"column":0},"end":{"line":2,"column":62}}},"s":{"0":0,"1":0},"branchMap":{"0":{"type":"branch","line":1,"loc":{"start":{"line":1,"column":76},"end":{"line":2,"column":62}},"locations":[{"start":{"line":1,"column":76},"end":{"line":2,"column":62}}]}},"b":{"0":[0]},"fnMap":{"0":{"name":"(empty-report)","decl":{"start":{"line":1,"column":76},"end":{"line":2,"column":62}},"loc":{"start":{"line":1,"column":76},"end":{"line":2,"column":62}},"line":1}},"f":{"0":0}}
,"C:\\Users\\bobba\\Desktop\\workspace\\personal\\dd-mm-creator\\Microservices\\AuthService\\build\\auth\\service.js": {"path":"C:\\Users\\bobba\\Desktop\\workspace\\personal\\dd-mm-creator\\Microservices\\AuthService\\build\\auth\\service.js","all":true,"statementMap":{"0":{"start":{"line":1,"column":0},"end":{"line":1,"column":13}},"1":{"start":{"line":2,"column":0},"end":{"line":2,"column":97}},"2":{"start":{"line":3,"column":0},"end":{"line":3,"column":33}},"3":{"start":{"line":4,"column":0},"end":{"line":4,"column":53}},"4":{"start":{"line":5,"column":0},"end":{"line":5,"column":88}},"5":{"start":{"line":6,"column":0},"end":{"line":6,"column":68}},"6":{"start":{"line":7,"column":0},"end":{"line":7,"column":5}},"7":{"start":{"line":8,"column":0},"end":{"line":8,"column":39}},"8":{"start":{"line":9,"column":0},"end":{"line":9,"column":29}},"9":{"start":{"line":10,"column":0},"end":{"line":10,"column":33}},"10":{"start":{"line":11,"column":0},"end":{"line":11,"column":17}},"11":{"start":{"line":12,"column":0},"end":{"line":12,"column":4}},"12":{"start":{"line":13,"column":0},"end":{"line":13,"column":96}},"13":{"start":{"line":14,"column":0},"end":{"line":14,"column":72}},"14":{"start":{"line":15,"column":0},"end":{"line":15,"column":21}},"15":{"start":{"line":16,"column":0},"end":{"line":16,"column":21}},"16":{"start":{"line":17,"column":0},"end":{"line":17,"column":3}},"17":{"start":{"line":18,"column":0},"end":{"line":18,"column":64}},"18":{"start":{"line":19,"column":0},"end":{"line":19,"column":31}},"19":{"start":{"line":20,"column":0},"end":{"line":20,"column":62}},"20":{"start":{"line":21,"column":0},"end":{"line":21,"column":24}},"21":{"start":{"line":22,"column":0},"end":{"line":22,"column":95}},"22":{"start":{"line":23,"column":0},"end":{"line":23,"column":22}},"23":{"start":{"line":24,"column":0},"end":{"line":24,"column":10}},"24":{"start":{"line":25,"column":0},"end":{"line":25,"column":26}},"25":{"start":{"line":26,"column":0},"end":{"line":26,"column":6}},"26":{"start":{"line":27,"column":0},"end":{"line":27,"column":27}},"27":{"start":{"line":28,"column":0},"end":{"line":28,"column":46}},"28":{"start":{"line":29,"column":0},"end":{"line":29,"column":24}},"29":{"start":{"line":30,"column":0},"end":{"line":30,"column":137}},"30":{"start":{"line":31,"column":0},"end":{"line":31,"column":40}},"31":{"start":{"line":32,"column":0},"end":{"line":32,"column":22}},"32":{"start":{"line":33,"column":0},"end":{"line":33,"column":6}},"33":{"start":{"line":34,"column":0},"end":{"line":34,"column":5}},"34":{"start":{"line":35,"column":0},"end":{"line":35,"column":62}},"35":{"start":{"line":36,"column":0},"end":{"line":36,"column":29}},"36":{"start":{"line":37,"column":0},"end":{"line":37,"column":38}},"37":{"start":{"line":38,"column":0},"end":{"line":38,"column":50}},"38":{"start":{"line":39,"column":0},"end":{"line":39,"column":45}},"39":{"start":{"line":40,"column":0},"end":{"line":40,"column":21}},"40":{"start":{"line":41,"column":0},"end":{"line":41,"column":21}},"41":{"start":{"line":42,"column":0},"end":{"line":42,"column":22}},"42":{"start":{"line":43,"column":0},"end":{"line":43,"column":2}},"43":{"start":{"line":44,"column":0},"end":{"line":44,"column":43}},"44":{"start":{"line":45,"column":0},"end":{"line":45,"column":68}},"45":{"start":{"line":46,"column":0},"end":{"line":46,"column":1}},"46":{"start":{"line":47,"column":0},"end":{"line":47,"column":19}},"47":{"start":{"line":48,"column":0},"end":{"line":48,"column":30}},"48":{"start":{"line":49,"column":0},"end":{"line":49,"column":92}},"49":{"start":{"line":50,"column":0},"end":{"line":50,"column":5}},"50":{"start":{"line":51,"column":0},"end":{"line":51,"column":1}},"51":{"start":{"line":52,"column":0},"end":{"line":52,"column":34}}},"s":{"0":0,"1":0,"2":0,"3":0,"4":0,"5":0,"6":0,"7":0,"8":0,"9":0,"10":0,"11":0,"12":0,"13":0,"14":0,"15":0,"16":0,"17":0,"18":0,"19":0,"20":0,"21":0,"22":0,"23":0,"24":0,"25":0,"26":0,"27":0,"28":0,"29":0,"30":0,"31":0,"32":0,"33":0,"34":0,"35":0,"36":0,"37":0,"38":0,"39":0,"40":0,"41":0,"42":0,"43":0,"44":0,"45":0,"46":0,"47":0,"48":0,"49":0,"50":0,"51":0},"branchMap":{"0":{"type":"branch","line":1,"loc":{"start":{"line":1,"column":0},"end":{"line":52,"column":34}},"locations":[{"start":{"line":1,"column":0},"end":{"line":52,"column":34}}]}},"b":{"0":[0]},"fnMap":{"0":{"name":"(empty-report)","decl":{"start":{"line":1,"column":0},"end":{"line":52,"column":34}},"loc":{"start":{"line":1,"column":0},"end":{"line":52,"column":34}},"line":1}},"f":{"0":0}}
,"C:\\Users\\bobba\\Desktop\\workspace\\personal\\dd-mm-creator\\Microservices\\AuthService\\src\\app.ts": {"path":"C:\\Users\\bobba\\Desktop\\workspace\\personal\\dd-mm-creator\\Microservices\\AuthService\\src\\app.ts","all":false,"statementMap":{"0":{"start":{"line":1,"column":0},"end":{"line":1,"column":18}},"8":{"start":{"line":9,"column":0},"end":{"line":9,"column":46}},"9":{"start":{"line":10,"column":0},"end":{"line":10,"column":23}},"10":{"start":{"line":11,"column":0},"end":{"line":11,"column":42}},"12":{"start":{"line":13,"column":0},"end":{"line":13,"column":30}},"13":{"start":{"line":14,"column":0},"end":{"line":14,"column":15}},"14":{"start":{"line":15,"column":0},"end":{"line":15,"column":23}},"15":{"start":{"line":16,"column":0},"end":{"line":16,"column":46}},"17":{"start":{"line":18,"column":0},"end":{"line":18,"column":86}},"18":{"start":{"line":19,"column":0},"end":{"line":19,"column":11}},"19":{"start":{"line":20,"column":0},"end":{"line":20,"column":65}},"20":{"start":{"line":21,"column":0},"end":{"line":21,"column":3}},"21":{"start":{"line":22,"column":0},"end":{"line":22,"column":2}},"23":{"start":{"line":24,"column":0},"end":{"line":24,"column":23}},"24":{"start":{"line":25,"column":0},"end":{"line":25,"column":22}},"25":{"start":{"line":26,"column":0},"end":{"line":26,"column":26}},"27":{"start":{"line":28,"column":0},"end":{"line":28,"column":84}},"28":{"start":{"line":29,"column":0},"end":{"line":29,"column":32}},"29":{"start":{"line":30,"column":0},"end":{"line":30,"column":25}},"30":{"start":{"line":31,"column":0},"end":{"line":31,"column":23}},"31":{"start":{"line":32,"column":0},"end":{"line":32,"column":23}},"32":{"start":{"line":33,"column":0},"end":{"line":33,"column":4}},"33":{"start":{"line":34,"column":0},"end":{"line":34,"column":9}},"34":{"start":{"line":35,"column":0},"end":{"line":35,"column":1}},"35":{"start":{"line":36,"column":0},"end":{"line":36,"column":21}},"37":{"start":{"line":38,"column":0},"end":{"line":38,"column":18}}},"s":{"0":1,"8":1,"9":1,"10":1,"12":1,"13":1,"14":1,"15":1,"17":1,"18":1,"19":1,"20":1,"21":1,"23":1,"24":1,"25":1,"27":1,"28":2,"29":2,"30":2,"31":2,"32":2,"33":2,"34":2,"35":1,"37":1},"branchMap":{"0":{"type":"branch","line":18,"loc":{"start":{"line":18,"column":41},"end":{"line":22,"column":2}},"locations":[{"start":{"line":18,"column":41},"end":{"line":22,"column":2}}]},"1":{"type":"branch","line":28,"loc":{"start":{"line":28,"column":42},"end":{"line":35,"column":1}},"locations":[{"start":{"line":28,"column":42},"end":{"line":35,"column":1}}]}},"b":{"0":[1],"1":[2]},"fnMap":{"0":{"name":"errorHandler","decl":{"start":{"line":28,"column":42},"end":{"line":35,"column":1}},"loc":{"start":{"line":28,"column":42},"end":{"line":35,"column":1}},"line":28}},"f":{"0":2}}
,"C:\\Users\\bobba\\Desktop\\workspace\\personal\\dd-mm-creator\\Microservices\\AuthService\\src\\db.ts": {"path":"C:\\Users\\bobba\\Desktop\\workspace\\personal\\dd-mm-creator\\Microservices\\AuthService\\src\\db.ts","all":false,"statementMap":{"0":{"start":{"line":1,"column":0},"end":{"line":1,"column":25}},"1":{"start":{"line":2,"column":0},"end":{"line":2,"column":27}},"2":{"start":{"line":3,"column":0},"end":{"line":3,"column":15}},"4":{"start":{"line":5,"column":0},"end":{"line":5,"column":23}},"5":{"start":{"line":6,"column":0},"end":{"line":6,"column":20}},"6":{"start":{"line":7,"column":0},"end":{"line":7,"column":13}},"7":{"start":{"line":8,"column":0},"end":{"line":8,"column":36}},"8":{"start":{"line":9,"column":0},"end":{"line":9,"column":34}},"9":{"start":{"line":10,"column":0},"end":{"line":10,"column":42}},"10":{"start":{"line":11,"column":0},"end":{"line":11,"column":2}}},"s":{"0":1,"1":1,"2":1,"4":1,"5":1,"6":1,"7":1,"8":1,"9":1,"10":1},"branchMap":{},"b":{},"fnMap":{},"f":{}}
,"C:\\Users\\bobba\\Desktop\\workspace\\personal\\dd-mm-creator\\Microservices\\AuthService\\src\\server.ts": {"path":"C:\\Users\\bobba\\Desktop\\workspace\\personal\\dd-mm-creator\\Microservices\\AuthService\\src\\server.ts","all":true,"statementMap":{"1":{"start":{"line":2,"column":0},"end":{"line":2,"column":27}},"2":{"start":{"line":3,"column":0},"end":{"line":3,"column":15}},"3":{"start":{"line":4,"column":0},"end":{"line":4,"column":23}},"5":{"start":{"line":6,"column":0},"end":{"line":6,"column":24}},"6":{"start":{"line":7,"column":0},"end":{"line":7,"column":44}},"7":{"start":{"line":8,"column":0},"end":{"line":8,"column":67}},"8":{"start":{"line":9,"column":0},"end":{"line":9,"column":2}}},"s":{"1":0,"2":0,"3":0,"5":0,"6":0,"7":0,"8":0},"branchMap":{"0":{"type":"branch","line":1,"loc":{"start":{"line":1,"column":1},"end":{"line":9,"column":-140}},"locations":[{"start":{"line":1,"column":1},"end":{"line":9,"column":-140}}]}},"b":{"0":[1]},"fnMap":{"0":{"name":"(empty-report)","decl":{"start":{"line":1,"column":1},"end":{"line":9,"column":-140}},"loc":{"start":{"line":1,"column":1},"end":{"line":9,"column":-140}},"line":1}},"f":{"0":1}}
,"C:\\Users\\bobba\\Desktop\\workspace\\personal\\dd-mm-creator\\Microservices\\AuthService\\src\\auth\\controller.ts": {"path":"C:\\Users\\bobba\\Desktop\\workspace\\personal\\dd-mm-creator\\Microservices\\AuthService\\src\\auth\\controller.ts","all":false,"statementMap":{"0":{"start":{"line":1,"column":0},"end":{"line":1,"column":8}},"11":{"start":{"line":12,"column":0},"end":{"line":12,"column":39}},"15":{"start":{"line":16,"column":0},"end":{"line":16,"column":14}},"16":{"start":{"line":17,"column":0},"end":{"line":17,"column":48}},"18":{"start":{"line":19,"column":0},"end":{"line":19,"column":16}},"19":{"start":{"line":20,"column":0},"end":{"line":20,"column":34}},"20":{"start":{"line":21,"column":0},"end":{"line":21,"column":21}},"21":{"start":{"line":22,"column":0},"end":{"line":22,"column":37}},"22":{"start":{"line":23,"column":0},"end":{"line":23,"column":41}},"23":{"start":{"line":24,"column":0},"end":{"line":24,"column":9}},"24":{"start":{"line":25,"column":0},"end":{"line":25,"column":75}},"25":{"start":{"line":26,"column":0},"end":{"line":26,"column":31}},"26":{"start":{"line":27,"column":0},"end":{"line":27,"column":28}},"27":{"start":{"line":28,"column":0},"end":{"line":28,"column":15}},"28":{"start":{"line":29,"column":0},"end":{"line":29,"column":7}},"29":{"start":{"line":30,"column":0},"end":{"line":30,"column":31}},"30":{"start":{"line":31,"column":0},"end":{"line":31,"column":21}},"31":{"start":{"line":32,"column":0},"end":{"line":32,"column":45}},"32":{"start":{"line":33,"column":0},"end":{"line":33,"column":49}},"33":{"start":{"line":34,"column":0},"end":{"line":34,"column":59}},"34":{"start":{"line":35,"column":0},"end":{"line":35,"column":26}},"35":{"start":{"line":36,"column":0},"end":{"line":36,"column":13}},"36":{"start":{"line":37,"column":0},"end":{"line":37,"column":5}},"37":{"start":{"line":38,"column":0},"end":{"line":38,"column":3}},"38":{"start":{"line":39,"column":0},"end":{"line":39,"column":18}},"39":{"start":{"line":40,"column":0},"end":{"line":40,"column":18}},"40":{"start":{"line":41,"column":0},"end":{"line":41,"column":34}},"41":{"start":{"line":42,"column":0},"end":{"line":42,"column":27}},"42":{"start":{"line":43,"column":0},"end":{"line":43,"column":40}},"43":{"start":{"line":44,"column":0},"end":{"line":44,"column":32}},"44":{"start":{"line":45,"column":0},"end":{"line":45,"column":50}},"45":{"start":{"line":46,"column":0},"end":{"line":46,"column":37}},"46":{"start":{"line":47,"column":0},"end":{"line":47,"column":9}},"47":{"start":{"line":48,"column":0},"end":{"line":48,"column":71}},"48":{"start":{"line":49,"column":0},"end":{"line":49,"column":21}},"49":{"start":{"line":50,"column":0},"end":{"line":50,"column":13}},"50":{"start":{"line":51,"column":0},"end":{"line":51,"column":23}},"51":{"start":{"line":52,"column":0},"end":{"line":52,"column":5}},"52":{"start":{"line":53,"column":0},"end":{"line":53,"column":3}},"54":{"start":{"line":55,"column":0},"end":{"line":55,"column":18}},"55":{"start":{"line":56,"column":0},"end":{"line":56,"column":18}},"56":{"start":{"line":57,"column":0},"end":{"line":57,"column":34}},"57":{"start":{"line":58,"column":0},"end":{"line":58,"column":24}},"58":{"start":{"line":59,"column":0},"end":{"line":59,"column":40}},"59":{"start":{"line":60,"column":0},"end":{"line":60,"column":39}},"60":{"start":{"line":61,"column":0},"end":{"line":61,"column":50}},"61":{"start":{"line":62,"column":0},"end":{"line":62,"column":21}},"62":{"start":{"line":63,"column":0},"end":{"line":63,"column":3}},"64":{"start":{"line":65,"column":0},"end":{"line":65,"column":17}},"65":{"start":{"line":66,"column":0},"end":{"line":66,"column":49}},"66":{"start":{"line":67,"column":0},"end":{"line":67,"column":46}},"67":{"start":{"line":68,"column":0},"end":{"line":68,"column":22}},"68":{"start":{"line":69,"column":0},"end":{"line":69,"column":33}},"69":{"start":{"line":70,"column":0},"end":{"line":70,"column":41}},"70":{"start":{"line":71,"column":0},"end":{"line":71,"column":9}},"71":{"start":{"line":72,"column":0},"end":{"line":72,"column":87}},"72":{"start":{"line":73,"column":0},"end":{"line":73,"column":24}},"73":{"start":{"line":74,"column":0},"end":{"line":74,"column":27}},"74":{"start":{"line":75,"column":0},"end":{"line":75,"column":14}},"75":{"start":{"line":76,"column":0},"end":{"line":76,"column":7}},"76":{"start":{"line":77,"column":0},"end":{"line":77,"column":21}},"77":{"start":{"line":78,"column":0},"end":{"line":78,"column":80}},"78":{"start":{"line":79,"column":0},"end":{"line":79,"column":13}},"79":{"start":{"line":80,"column":0},"end":{"line":80,"column":5}},"81":{"start":{"line":82,"column":0},"end":{"line":82,"column":9}},"82":{"start":{"line":83,"column":0},"end":{"line":83,"column":70}},"83":{"start":{"line":84,"column":0},"end":{"line":84,"column":27}},"84":{"start":{"line":85,"column":0},"end":{"line":85,"column":24}},"85":{"start":{"line":86,"column":0},"end":{"line":86,"column":21}},"86":{"start":{"line":87,"column":0},"end":{"line":87,"column":59}},"87":{"start":{"line":88,"column":0},"end":{"line":88,"column":13}},"88":{"start":{"line":89,"column":0},"end":{"line":89,"column":5}},"89":{"start":{"line":90,"column":0},"end":{"line":90,"column":3}},"93":{"start":{"line":94,"column":0},"end":{"line":94,"column":1}}},"s":{"0":1,"11":1,"15":1,"16":1,"18":1,"19":1,"20":1,"21":4,"22":4,"23":4,"24":4,"25":4,"26":0,"27":0,"28":0,"29":4,"30":4,"31":0,"32":0,"33":0,"34":0,"35":0,"36":0,"37":4,"38":1,"39":1,"40":1,"41":1,"42":1,"43":1,"44":1,"45":1,"46":1,"47":1,"48":1,"49":1,"50":0,"51":0,"52":1,"54":1,"55":1,"56":1,"57":1,"58":1,"59":1,"60":1,"61":1,"62":1,"64":1,"65":1,"66":1,"67":1,"68":2,"69":2,"70":2,"71":2,"72":2,"73":0,"74":0,"75":0,"76":2,"77":0,"78":0,"79":0,"81":2,"82":2,"83":2,"84":2,"85":2,"86":0,"87":0,"88":0,"89":2,"93":1},"branchMap":{"0":{"type":"branch","line":21,"loc":{"start":{"line":21,"column":2},"end":{"line":38,"column":3}},"locations":[{"start":{"line":21,"column":2},"end":{"line":38,"column":3}}]},"1":{"type":"branch","line":26,"loc":{"start":{"line":26,"column":30},"end":{"line":29,"column":7}},"locations":[{"start":{"line":26,"column":30},"end":{"line":29,"column":7}}]},"2":{"type":"branch","line":31,"loc":{"start":{"line":31,"column":4},"end":{"line":37,"column":5}},"locations":[{"start":{"line":31,"column":4},"end":{"line":37,"column":5}}]},"3":{"type":"branch","line":42,"loc":{"start":{"line":42,"column":2},"end":{"line":53,"column":3}},"locations":[{"start":{"line":42,"column":2},"end":{"line":53,"column":3}}]},"4":{"type":"branch","line":50,"loc":{"start":{"line":50,"column":4},"end":{"line":52,"column":5}},"locations":[{"start":{"line":50,"column":4},"end":{"line":52,"column":5}}]},"5":{"type":"branch","line":58,"loc":{"start":{"line":58,"column":2},"end":{"line":63,"column":3}},"locations":[{"start":{"line":58,"column":2},"end":{"line":63,"column":3}}]},"6":{"type":"branch","line":68,"loc":{"start":{"line":68,"column":2},"end":{"line":90,"column":3}},"locations":[{"start":{"line":68,"column":2},"end":{"line":90,"column":3}}]},"7":{"type":"branch","line":73,"loc":{"start":{"line":73,"column":23},"end":{"line":76,"column":7}},"locations":[{"start":{"line":73,"column":23},"end":{"line":76,"column":7}}]},"8":{"type":"branch","line":77,"loc":{"start":{"line":77,"column":4},"end":{"line":80,"column":5}},"locations":[{"start":{"line":77,"column":4},"end":{"line":80,"column":5}}]},"9":{"type":"branch","line":86,"loc":{"start":{"line":86,"column":4},"end":{"line":89,"column":5}},"locations":[{"start":{"line":86,"column":4},"end":{"line":89,"column":5}}]}},"b":{"0":[4],"1":[0],"2":[0],"3":[1],"4":[0],"5":[1],"6":[2],"7":[0],"8":[0],"9":[0]},"fnMap":{"0":{"name":"login","decl":{"start":{"line":21,"column":2},"end":{"line":38,"column":3}},"loc":{"start":{"line":21,"column":2},"end":{"line":38,"column":3}},"line":21},"1":{"name":"getUserInfo","decl":{"start":{"line":42,"column":2},"end":{"line":53,"column":3}},"loc":{"start":{"line":42,"column":2},"end":{"line":53,"column":3}},"line":42},"2":{"name":"validJwt","decl":{"start":{"line":58,"column":2},"end":{"line":63,"column":3}},"loc":{"start":{"line":58,"column":2},"end":{"line":63,"column":3}},"line":58},"3":{"name":"signup","decl":{"start":{"line":68,"column":2},"end":{"line":90,"column":3}},"loc":{"start":{"line":68,"column":2},"end":{"line":90,"column":3}},"line":68}},"f":{"0":4,"1":1,"2":1,"3":2}}
,"C:\\Users\\bobba\\Desktop\\workspace\\personal\\dd-mm-creator\\Microservices\\AuthService\\src\\auth\\expressAuth.ts": {"path":"C:\\Users\\bobba\\Desktop\\workspace\\personal\\dd-mm-creator\\Microservices\\AuthService\\src\\auth\\expressAuth.ts","all":false,"statementMap":{"2":{"start":{"line":3,"column":0},"end":{"line":3,"column":40}},"4":{"start":{"line":5,"column":0},"end":{"line":5,"column":38}},"5":{"start":{"line":6,"column":0},"end":{"line":6,"column":19}},"6":{"start":{"line":7,"column":0},"end":{"line":7,"column":23}},"7":{"start":{"line":8,"column":0},"end":{"line":8,"column":19}},"8":{"start":{"line":9,"column":0},"end":{"line":9,"column":25}},"9":{"start":{"line":10,"column":0},"end":{"line":10,"column":61}},"10":{"start":{"line":11,"column":0},"end":{"line":11,"column":15}},"11":{"start":{"line":12,"column":0},"end":{"line":12,"column":60}},"12":{"start":{"line":13,"column":0},"end":{"line":13,"column":3}},"13":{"start":{"line":14,"column":0},"end":{"line":14,"column":48}},"14":{"start":{"line":15,"column":0},"end":{"line":15,"column":1}}},"s":{"2":1,"4":1,"5":4,"6":4,"7":4,"8":4,"9":4,"10":4,"11":1,"12":1,"13":3,"14":3},"branchMap":{"0":{"type":"branch","line":5,"loc":{"start":{"line":5,"column":7},"end":{"line":15,"column":1}},"locations":[{"start":{"line":5,"column":7},"end":{"line":15,"column":1}}]},"1":{"type":"branch","line":10,"loc":{"start":{"line":10,"column":32},"end":{"line":10,"column":53}},"locations":[{"start":{"line":10,"column":32},"end":{"line":10,"column":53}}]},"2":{"type":"branch","line":11,"loc":{"start":{"line":11,"column":14},"end":{"line":13,"column":3}},"locations":[{"start":{"line":11,"column":14},"end":{"line":13,"column":3}}]},"3":{"type":"branch","line":13,"loc":{"start":{"line":13,"column":2},"end":{"line":15,"column":1}},"locations":[{"start":{"line":13,"column":2},"end":{"line":15,"column":1}}]}},"b":{"0":[4],"1":[3],"2":[1],"3":[3]},"fnMap":{"0":{"name":"expressAuthentication","decl":{"start":{"line":5,"column":7},"end":{"line":15,"column":1}},"loc":{"start":{"line":5,"column":7},"end":{"line":15,"column":1}},"line":5}},"f":{"0":4}}
,"C:\\Users\\bobba\\Desktop\\workspace\\personal\\dd-mm-creator\\Microservices\\AuthService\\src\\auth\\index.ts": {"path":"C:\\Users\\bobba\\Desktop\\workspace\\personal\\dd-mm-creator\\Microservices\\AuthService\\src\\auth\\index.ts","all":true,"statementMap":{},"s":{},"branchMap":{"0":{"type":"branch","line":1,"loc":{"start":{"line":1,"column":341},"end":{"line":23,"column":1}},"locations":[{"start":{"line":1,"column":341},"end":{"line":23,"column":1}}]}},"b":{"0":[1]},"fnMap":{"0":{"name":"(empty-report)","decl":{"start":{"line":1,"column":341},"end":{"line":23,"column":1}},"loc":{"start":{"line":1,"column":341},"end":{"line":23,"column":1}},"line":1}},"f":{"0":1}}
,"C:\\Users\\bobba\\Desktop\\workspace\\personal\\dd-mm-creator\\Microservices\\AuthService\\src\\auth\\queries.ts": {"path":"C:\\Users\\bobba\\Desktop\\workspace\\personal\\dd-mm-creator\\Microservices\\AuthService\\src\\auth\\queries.ts","all":false,"statementMap":{"0":{"start":{"line":1,"column":0},"end":{"line":1,"column":36}},"8":{"start":{"line":9,"column":0},"end":{"line":9,"column":31}},"15":{"start":{"line":16,"column":0},"end":{"line":16,"column":35}},"22":{"start":{"line":23,"column":0},"end":{"line":23,"column":33}},"32":{"start":{"line":33,"column":0},"end":{"line":33,"column":33}}},"s":{"0":1,"8":1,"15":1,"22":1,"32":1},"branchMap":{},"b":{},"fnMap":{},"f":{}}
,"C:\\Users\\bobba\\Desktop\\workspace\\personal\\dd-mm-creator\\Microservices\\AuthService\\src\\auth\\service.ts": {"path":"C:\\Users\\bobba\\Desktop\\workspace\\personal\\dd-mm-creator\\Microservices\\AuthService\\src\\auth\\service.ts","all":false,"statementMap":{"1":{"start":{"line":2,"column":0},"end":{"line":2,"column":29}},"3":{"start":{"line":4,"column":0},"end":{"line":4,"column":36}},"4":{"start":{"line":5,"column":0},"end":{"line":5,"column":8}},"12":{"start":{"line":13,"column":0},"end":{"line":13,"column":44}},"13":{"start":{"line":14,"column":0},"end":{"line":14,"column":17}},"14":{"start":{"line":15,"column":0},"end":{"line":15,"column":43}},"15":{"start":{"line":16,"column":0},"end":{"line":16,"column":1}},"16":{"start":{"line":17,"column":0},"end":{"line":17,"column":29}},"18":{"start":{"line":19,"column":0},"end":{"line":19,"column":38}},"19":{"start":{"line":20,"column":0},"end":{"line":20,"column":19}},"20":{"start":{"line":21,"column":0},"end":{"line":21,"column":21}},"21":{"start":{"line":22,"column":0},"end":{"line":22,"column":2}},"22":{"start":{"line":23,"column":0},"end":{"line":23,"column":62}},"23":{"start":{"line":24,"column":0},"end":{"line":24,"column":66}},"24":{"start":{"line":25,"column":0},"end":{"line":25,"column":1}},"26":{"start":{"line":27,"column":0},"end":{"line":27,"column":26}},"27":{"start":{"line":28,"column":0},"end":{"line":28,"column":78}},"28":{"start":{"line":29,"column":0},"end":{"line":29,"column":9}},"29":{"start":{"line":30,"column":0},"end":{"line":30,"column":75}},"30":{"start":{"line":31,"column":0},"end":{"line":31,"column":45}},"32":{"start":{"line":33,"column":0},"end":{"line":33,"column":21}},"33":{"start":{"line":34,"column":0},"end":{"line":34,"column":29}},"34":{"start":{"line":35,"column":0},"end":{"line":35,"column":33}},"35":{"start":{"line":36,"column":0},"end":{"line":36,"column":8}},"36":{"start":{"line":37,"column":0},"end":{"line":37,"column":47}},"37":{"start":{"line":38,"column":0},"end":{"line":38,"column":30}},"38":{"start":{"line":39,"column":0},"end":{"line":39,"column":69}},"39":{"start":{"line":40,"column":0},"end":{"line":40,"column":21}},"40":{"start":{"line":41,"column":0},"end":{"line":41,"column":39}},"41":{"start":{"line":42,"column":0},"end":{"line":42,"column":75}},"42":{"start":{"line":43,"column":0},"end":{"line":43,"column":21}},"43":{"start":{"line":44,"column":0},"end":{"line":44,"column":28}},"44":{"start":{"line":45,"column":0},"end":{"line":45,"column":63}},"45":{"start":{"line":46,"column":0},"end":{"line":46,"column":16}},"46":{"start":{"line":47,"column":0},"end":{"line":47,"column":13}},"47":{"start":{"line":48,"column":0},"end":{"line":48,"column":11}},"48":{"start":{"line":49,"column":0},"end":{"line":49,"column":9}},"49":{"start":{"line":50,"column":0},"end":{"line":50,"column":27}},"50":{"start":{"line":51,"column":0},"end":{"line":51,"column":14}},"51":{"start":{"line":52,"column":0},"end":{"line":52,"column":73}},"52":{"start":{"line":53,"column":0},"end":{"line":53,"column":7}},"53":{"start":{"line":54,"column":0},"end":{"line":54,"column":21}},"54":{"start":{"line":55,"column":0},"end":{"line":55,"column":44}},"55":{"start":{"line":56,"column":0},"end":{"line":56,"column":5}},"56":{"start":{"line":57,"column":0},"end":{"line":57,"column":3}},"58":{"start":{"line":59,"column":0},"end":{"line":59,"column":21}},"59":{"start":{"line":60,"column":0},"end":{"line":60,"column":28}},"60":{"start":{"line":61,"column":0},"end":{"line":61,"column":41}},"61":{"start":{"line":62,"column":0},"end":{"line":62,"column":19}},"62":{"start":{"line":63,"column":0},"end":{"line":63,"column":32}},"63":{"start":{"line":64,"column":0},"end":{"line":64,"column":56}},"64":{"start":{"line":65,"column":0},"end":{"line":65,"column":6}},"66":{"start":{"line":67,"column":0},"end":{"line":67,"column":9}},"67":{"start":{"line":68,"column":0},"end":{"line":68,"column":47}},"68":{"start":{"line":69,"column":0},"end":{"line":69,"column":30}},"69":{"start":{"line":70,"column":0},"end":{"line":70,"column":29}},"70":{"start":{"line":71,"column":0},"end":{"line":71,"column":51}},"71":{"start":{"line":72,"column":0},"end":{"line":72,"column":80}},"72":{"start":{"line":73,"column":0},"end":{"line":73,"column":14}},"73":{"start":{"line":74,"column":0},"end":{"line":74,"column":25}},"74":{"start":{"line":75,"column":0},"end":{"line":75,"column":7}},"75":{"start":{"line":76,"column":0},"end":{"line":76,"column":13}},"76":{"start":{"line":77,"column":0},"end":{"line":77,"column":23}},"77":{"start":{"line":78,"column":0},"end":{"line":78,"column":5}},"78":{"start":{"line":79,"column":0},"end":{"line":79,"column":3}},"79":{"start":{"line":80,"column":0},"end":{"line":80,"column":80}},"80":{"start":{"line":81,"column":0},"end":{"line":81,"column":19}},"81":{"start":{"line":82,"column":0},"end":{"line":82,"column":29}},"82":{"start":{"line":83,"column":0},"end":{"line":83,"column":22}},"83":{"start":{"line":84,"column":0},"end":{"line":84,"column":6}},"84":{"start":{"line":85,"column":0},"end":{"line":85,"column":9}},"85":{"start":{"line":86,"column":0},"end":{"line":86,"column":47}},"86":{"start":{"line":87,"column":0},"end":{"line":87,"column":30}},"87":{"start":{"line":88,"column":0},"end":{"line":88,"column":20}},"88":{"start":{"line":89,"column":0},"end":{"line":89,"column":14}},"89":{"start":{"line":90,"column":0},"end":{"line":90,"column":21}},"90":{"start":{"line":91,"column":0},"end":{"line":91,"column":7}},"91":{"start":{"line":92,"column":0},"end":{"line":92,"column":13}},"92":{"start":{"line":93,"column":0},"end":{"line":93,"column":19}},"93":{"start":{"line":94,"column":0},"end":{"line":94,"column":5}},"94":{"start":{"line":95,"column":0},"end":{"line":95,"column":3}},"96":{"start":{"line":97,"column":0},"end":{"line":97,"column":69}},"97":{"start":{"line":98,"column":0},"end":{"line":98,"column":19}},"98":{"start":{"line":99,"column":0},"end":{"line":99,"column":31}},"99":{"start":{"line":100,"column":0},"end":{"line":100,"column":23}},"100":{"start":{"line":101,"column":0},"end":{"line":101,"column":6}},"101":{"start":{"line":102,"column":0},"end":{"line":102,"column":9}},"102":{"start":{"line":103,"column":0},"end":{"line":103,"column":47}},"103":{"start":{"line":104,"column":0},"end":{"line":104,"column":30}},"104":{"start":{"line":105,"column":0},"end":{"line":105,"column":29}},"105":{"start":{"line":106,"column":0},"end":{"line":106,"column":54}},"106":{"start":{"line":107,"column":0},"end":{"line":107,"column":14}},"107":{"start":{"line":108,"column":0},"end":{"line":108,"column":25}},"108":{"start":{"line":109,"column":0},"end":{"line":109,"column":7}},"109":{"start":{"line":110,"column":0},"end":{"line":110,"column":21}},"110":{"start":{"line":111,"column":0},"end":{"line":111,"column":25}},"111":{"start":{"line":112,"column":0},"end":{"line":112,"column":23}},"112":{"start":{"line":113,"column":0},"end":{"line":113,"column":5}},"113":{"start":{"line":114,"column":0},"end":{"line":114,"column":3}},"115":{"start":{"line":116,"column":0},"end":{"line":116,"column":22}},"116":{"start":{"line":117,"column":0},"end":{"line":117,"column":31}},"117":{"start":{"line":118,"column":0},"end":{"line":118,"column":41}},"118":{"start":{"line":119,"column":0},"end":{"line":119,"column":19}},"119":{"start":{"line":120,"column":0},"end":{"line":120,"column":29}},"120":{"start":{"line":121,"column":0},"end":{"line":121,"column":15}},"121":{"start":{"line":122,"column":0},"end":{"line":122,"column":33}},"122":{"start":{"line":123,"column":0},"end":{"line":123,"column":36}},"123":{"start":{"line":124,"column":0},"end":{"line":124,"column":32}},"124":{"start":{"line":125,"column":0},"end":{"line":125,"column":8}},"125":{"start":{"line":126,"column":0},"end":{"line":126,"column":6}},"127":{"start":{"line":128,"column":0},"end":{"line":128,"column":9}},"128":{"start":{"line":129,"column":0},"end":{"line":129,"column":47}},"129":{"start":{"line":130,"column":0},"end":{"line":130,"column":30}},"130":{"start":{"line":131,"column":0},"end":{"line":131,"column":29}},"131":{"start":{"line":132,"column":0},"end":{"line":132,"column":51}},"132":{"start":{"line":133,"column":0},"end":{"line":133,"column":80}},"133":{"start":{"line":134,"column":0},"end":{"line":134,"column":14}},"134":{"start":{"line":135,"column":0},"end":{"line":135,"column":25}},"135":{"start":{"line":136,"column":0},"end":{"line":136,"column":7}},"136":{"start":{"line":137,"column":0},"end":{"line":137,"column":13}},"137":{"start":{"line":138,"column":0},"end":{"line":138,"column":23}},"138":{"start":{"line":139,"column":0},"end":{"line":139,"column":5}},"139":{"start":{"line":140,"column":0},"end":{"line":140,"column":3}},"140":{"start":{"line":141,"column":0},"end":{"line":141,"column":1}}},"s":{"1":1,"3":1,"4":1,"12":1,"13":1,"14":0,"15":0,"16":1,"18":1,"19":1,"20":1,"21":1,"22":1,"23":6,"24":6,"26":1,"27":1,"28":3,"29":3,"30":3,"32":3,"33":3,"34":3,"35":3,"36":3,"37":2,"38":2,"39":2,"40":2,"41":0,"42":0,"43":0,"44":0,"45":0,"46":0,"47":0,"48":2,"49":2,"50":3,"51":0,"52":0,"53":3,"54":1,"55":1,"56":3,"58":1,"59":4,"60":4,"61":4,"62":4,"63":4,"64":4,"66":4,"67":4,"68":4,"69":4,"70":4,"71":4,"72":4,"73":0,"74":0,"75":4,"76":0,"77":0,"78":4,"79":1,"80":2,"81":2,"82":2,"83":2,"84":2,"85":2,"86":2,"87":0,"88":2,"89":2,"90":2,"91":2,"92":0,"93":0,"94":2,"96":1,"97":1,"98":1,"99":1,"100":1,"101":1,"102":1,"103":1,"104":1,"105":1,"106":1,"107":0,"108":0,"109":1,"110":0,"111":0,"112":0,"113":1,"115":1,"116":2,"117":2,"118":2,"119":2,"120":2,"121":2,"122":2,"123":2,"124":2,"125":2,"127":2,"128":2,"129":2,"130":2,"131":2,"132":2,"133":2,"134":0,"135":0,"136":2,"137":0,"138":0,"139":2,"140":1},"branchMap":{"0":{"type":"branch","line":14,"loc":{"start":{"line":14,"column":16},"end":{"line":16,"column":1}},"locations":[{"start":{"line":14,"column":16},"end":{"line":16,"column":1}}]},"1":{"type":"branch","line":23,"loc":{"start":{"line":23,"column":7},"end":{"line":25,"column":1}},"locations":[{"start":{"line":23,"column":7},"end":{"line":25,"column":1}}]},"2":{"type":"branch","line":28,"loc":{"start":{"line":28,"column":2},"end":{"line":57,"column":3}},"locations":[{"start":{"line":28,"column":2},"end":{"line":57,"column":3}}]},"3":{"type":"branch","line":37,"loc":{"start":{"line":37,"column":45},"end":{"line":51,"column":13}},"locations":[{"start":{"line":37,"column":45},"end":{"line":51,"column":13}}]},"4":{"type":"branch","line":41,"loc":{"start":{"line":41,"column":38},"end":{"line":48,"column":11}},"locations":[{"start":{"line":41,"column":38},"end":{"line":48,"column":11}}]},"5":{"type":"branch","line":51,"loc":{"start":{"line":51,"column":6},"end":{"line":53,"column":7}},"locations":[{"start":{"line":51,"column":6},"end":{"line":53,"column":7}}]},"6":{"type":"branch","line":54,"loc":{"start":{"line":54,"column":4},"end":{"line":56,"column":5}},"locations":[{"start":{"line":54,"column":4},"end":{"line":56,"column":5}}]},"7":{"type":"branch","line":59,"loc":{"start":{"line":59,"column":2},"end":{"line":79,"column":3}},"locations":[{"start":{"line":59,"column":2},"end":{"line":79,"column":3}}]},"8":{"type":"branch","line":73,"loc":{"start":{"line":73,"column":6},"end":{"line":75,"column":7}},"locations":[{"start":{"line":73,"column":6},"end":{"line":75,"column":7}}]},"9":{"type":"branch","line":76,"loc":{"start":{"line":76,"column":4},"end":{"line":78,"column":5}},"locations":[{"start":{"line":76,"column":4},"end":{"line":78,"column":5}}]},"10":{"type":"branch","line":80,"loc":{"start":{"line":80,"column":2},"end":{"line":95,"column":3}},"locations":[{"start":{"line":80,"column":2},"end":{"line":95,"column":3}}]},"11":{"type":"branch","line":87,"loc":{"start":{"line":87,"column":29},"end":{"line":89,"column":13}},"locations":[{"start":{"line":87,"column":29},"end":{"line":89,"column":13}}]},"12":{"type":"branch","line":92,"loc":{"start":{"line":92,"column":4},"end":{"line":94,"column":5}},"locations":[{"start":{"line":92,"column":4},"end":{"line":94,"column":5}}]},"13":{"type":"branch","line":97,"loc":{"start":{"line":97,"column":2},"end":{"line":114,"column":3}},"locations":[{"start":{"line":97,"column":2},"end":{"line":114,"column":3}}]},"14":{"type":"branch","line":107,"loc":{"start":{"line":107,"column":6},"end":{"line":109,"column":7}},"locations":[{"start":{"line":107,"column":6},"end":{"line":109,"column":7}}]},"15":{"type":"branch","line":110,"loc":{"start":{"line":110,"column":4},"end":{"line":113,"column":5}},"locations":[{"start":{"line":110,"column":4},"end":{"line":113,"column":5}}]},"16":{"type":"branch","line":116,"loc":{"start":{"line":116,"column":2},"end":{"line":140,"column":3}},"locations":[{"start":{"line":116,"column":2},"end":{"line":140,"column":3}}]},"17":{"type":"branch","line":134,"loc":{"start":{"line":134,"column":6},"end":{"line":136,"column":7}},"locations":[{"start":{"line":134,"column":6},"end":{"line":136,"column":7}}]},"18":{"type":"branch","line":137,"loc":{"start":{"line":137,"column":4},"end":{"line":139,"column":5}},"locations":[{"start":{"line":137,"column":4},"end":{"line":139,"column":5}}]}},"b":{"0":[0],"1":[6],"2":[3],"3":[2],"4":[0],"5":[0],"6":[1],"7":[4],"8":[0],"9":[0],"10":[2],"11":[0],"12":[0],"13":[1],"14":[0],"15":[0],"16":[2],"17":[0],"18":[0]},"fnMap":{"0":{"name":"generateToken","decl":{"start":{"line":23,"column":7},"end":{"line":25,"column":1}},"loc":{"start":{"line":23,"column":7},"end":{"line":25,"column":1}},"line":23},"1":{"name":"check","decl":{"start":{"line":28,"column":2},"end":{"line":57,"column":3}},"loc":{"start":{"line":28,"column":2},"end":{"line":57,"column":3}},"line":28},"2":{"name":"login","decl":{"start":{"line":59,"column":2},"end":{"line":79,"column":3}},"loc":{"start":{"line":59,"column":2},"end":{"line":79,"column":3}},"line":59},"3":{"name":"emailExistsService","decl":{"start":{"line":80,"column":2},"end":{"line":95,"column":3}},"loc":{"start":{"line":80,"column":2},"end":{"line":95,"column":3}},"line":80},"4":{"name":"getUserInfo","decl":{"start":{"line":97,"column":2},"end":{"line":114,"column":3}},"loc":{"start":{"line":97,"column":2},"end":{"line":114,"column":3}},"line":97},"5":{"name":"signUp","decl":{"start":{"line":116,"column":2},"end":{"line":140,"column":3}},"loc":{"start":{"line":116,"column":2},"end":{"line":140,"column":3}},"line":116}},"f":{"0":6,"1":3,"2":4,"3":2,"4":1,"5":2}}
}
