{"C:\\Users\\bobba\\Desktop\\workspace\\personal\\dd-mm-creator\\Microservices\\TemplateService\\build\\app.js": {"path":"C:\\Users\\bobba\\Desktop\\workspace\\personal\\dd-mm-creator\\Microservices\\TemplateService\\build\\app.js","all":true,"statementMap":{"0":{"start":{"line":1,"column":0},"end":{"line":1,"column":13}},"1":{"start":{"line":2,"column":0},"end":{"line":2,"column":72}},"2":{"start":{"line":3,"column":0},"end":{"line":3,"column":62}},"3":{"start":{"line":4,"column":0},"end":{"line":4,"column":2}},"4":{"start":{"line":5,"column":0},"end":{"line":5,"column":62}},"5":{"start":{"line":6,"column":0},"end":{"line":6,"column":21}},"6":{"start":{"line":7,"column":0},"end":{"line":7,"column":30}},"7":{"start":{"line":8,"column":0},"end":{"line":8,"column":54}},"8":{"start":{"line":9,"column":0},"end":{"line":9,"column":48}},"9":{"start":{"line":10,"column":0},"end":{"line":10,"column":58}},"10":{"start":{"line":11,"column":0},"end":{"line":11,"column":114}},"11":{"start":{"line":12,"column":0},"end":{"line":12,"column":28}},"12":{"start":{"line":13,"column":0},"end":{"line":13,"column":47}},"13":{"start":{"line":14,"column":0},"end":{"line":14,"column":48}},"14":{"start":{"line":15,"column":0},"end":{"line":15,"column":43}},"15":{"start":{"line":16,"column":0},"end":{"line":16,"column":44}},"16":{"start":{"line":17,"column":0},"end":{"line":17,"column":37}},"17":{"start":{"line":18,"column":0},"end":{"line":18,"column":18}},"18":{"start":{"line":19,"column":0},"end":{"line":19,"column":31}},"19":{"start":{"line":20,"column":0},"end":{"line":20,"column":34}},"20":{"start":{"line":21,"column":0},"end":{"line":21,"column":59}},"21":{"start":{"line":22,"column":0},"end":{"line":22,"column":28}},"22":{"start":{"line":23,"column":0},"end":{"line":23,"column":58}},"23":{"start":{"line":24,"column":0},"end":{"line":24,"column":41}},"24":{"start":{"line":25,"column":0},"end":{"line":25,"column":23}},"25":{"start":{"line":26,"column":0},"end":{"line":26,"column":50}},"26":{"start":{"line":27,"column":0},"end":{"line":27,"column":25}},"27":{"start":{"line":28,"column":0},"end":{"line":28,"column":75}},"28":{"start":{"line":29,"column":0},"end":{"line":29,"column":31}},"29":{"start":{"line":30,"column":0},"end":{"line":30,"column":9}},"30":{"start":{"line":31,"column":0},"end":{"line":31,"column":7}},"31":{"start":{"line":32,"column":0},"end":{"line":32,"column":54}},"32":{"start":{"line":33,"column":0},"end":{"line":33,"column":23}},"33":{"start":{"line":34,"column":0},"end":{"line":34,"column":28}},"34":{"start":{"line":35,"column":0},"end":{"line":35,"column":32}},"35":{"start":{"line":36,"column":0},"end":{"line":36,"column":11}},"36":{"start":{"line":37,"column":0},"end":{"line":37,"column":8}},"37":{"start":{"line":38,"column":0},"end":{"line":38,"column":107}},"38":{"start":{"line":39,"column":0},"end":{"line":39,"column":1}}},"s":{"0":0,"1":0,"2":0,"3":0,"4":0,"5":0,"6":0,"7":0,"8":0,"9":0,"10":0,"11":0,"12":0,"13":0,"14":0,"15":0,"16":0,"17":0,"18":0,"19":0,"20":0,"21":0,"22":0,"23":0,"24":0,"25":0,"26":0,"27":0,"28":0,"29":0,"30":0,"31":0,"32":0,"33":0,"34":0,"35":0,"36":0,"37":0,"38":0},"branchMap":{"0":{"type":"branch","line":1,"loc":{"start":{"line":1,"column":1574},"end":{"line":39,"column":1}},"locations":[{"start":{"line":1,"column":1574},"end":{"line":39,"column":1}}]}},"b":{"0":[0]},"fnMap":{"0":{"name":"(empty-report)","decl":{"start":{"line":1,"column":1574},"end":{"line":39,"column":1}},"loc":{"start":{"line":1,"column":1574},"end":{"line":39,"column":1}},"line":1}},"f":{"0":0}}
,"C:\\Users\\bobba\\Desktop\\workspace\\personal\\dd-mm-creator\\Microservices\\TemplateService\\build\\resolvers.js": {"path":"C:\\Users\\bobba\\Desktop\\workspace\\personal\\dd-mm-creator\\Microservices\\TemplateService\\build\\resolvers.js","all":true,"statementMap":{"0":{"start":{"line":1,"column":0},"end":{"line":1,"column":13}},"1":{"start":{"line":2,"column":0},"end":{"line":2,"column":62}},"2":{"start":{"line":3,"column":0},"end":{"line":3,"column":27}},"3":{"start":{"line":4,"column":0},"end":{"line":4,"column":50}},"4":{"start":{"line":5,"column":0},"end":{"line":5,"column":50}}},"s":{"0":0,"1":0,"2":0,"3":0,"4":0},"branchMap":{"0":{"type":"branch","line":1,"loc":{"start":{"line":1,"column":206},"end":{"line":5,"column":50}},"locations":[{"start":{"line":1,"column":206},"end":{"line":5,"column":50}}]}},"b":{"0":[0]},"fnMap":{"0":{"name":"(empty-report)","decl":{"start":{"line":1,"column":206},"end":{"line":5,"column":50}},"loc":{"start":{"line":1,"column":206},"end":{"line":5,"column":50}},"line":1}},"f":{"0":0}}
,"C:\\Users\\bobba\\Desktop\\workspace\\personal\\dd-mm-creator\\Microservices\\TemplateService\\build\\auth\\checker.js": {"path":"C:\\Users\\bobba\\Desktop\\workspace\\personal\\dd-mm-creator\\Microservices\\TemplateService\\build\\auth\\checker.js","all":true,"statementMap":{"0":{"start":{"line":1,"column":0},"end":{"line":1,"column":13}},"1":{"start":{"line":2,"column":0},"end":{"line":2,"column":62}},"2":{"start":{"line":3,"column":0},"end":{"line":3,"column":36}},"3":{"start":{"line":4,"column":0},"end":{"line":4,"column":39}},"4":{"start":{"line":5,"column":0},"end":{"line":5,"column":69}},"5":{"start":{"line":6,"column":0},"end":{"line":6,"column":9}},"6":{"start":{"line":7,"column":0},"end":{"line":7,"column":94}},"7":{"start":{"line":8,"column":0},"end":{"line":8,"column":5}},"8":{"start":{"line":9,"column":0},"end":{"line":9,"column":11}},"9":{"start":{"line":10,"column":0},"end":{"line":10,"column":21}},"10":{"start":{"line":11,"column":0},"end":{"line":11,"column":5}},"11":{"start":{"line":12,"column":0},"end":{"line":12,"column":16}},"12":{"start":{"line":13,"column":0},"end":{"line":13,"column":2}},"13":{"start":{"line":14,"column":0},"end":{"line":14,"column":48}}},"s":{"0":0,"1":0,"2":0,"3":0,"4":0,"5":0,"6":0,"7":0,"8":0,"9":0,"10":0,"11":0,"12":0,"13":0},"branchMap":{"0":{"type":"branch","line":1,"loc":{"start":{"line":1,"column":0},"end":{"line":14,"column":48}},"locations":[{"start":{"line":1,"column":0},"end":{"line":14,"column":48}}]}},"b":{"0":[0]},"fnMap":{"0":{"name":"(empty-report)","decl":{"start":{"line":1,"column":0},"end":{"line":14,"column":48}},"loc":{"start":{"line":1,"column":0},"end":{"line":14,"column":48}},"line":1}},"f":{"0":0}}
,"C:\\Users\\bobba\\Desktop\\workspace\\personal\\dd-mm-creator\\Microservices\\TemplateService\\build\\auth\\service.js": {"path":"C:\\Users\\bobba\\Desktop\\workspace\\personal\\dd-mm-creator\\Microservices\\TemplateService\\build\\auth\\service.js","all":true,"statementMap":{"0":{"start":{"line":1,"column":0},"end":{"line":1,"column":13}},"1":{"start":{"line":2,"column":0},"end":{"line":2,"column":62}},"2":{"start":{"line":3,"column":0},"end":{"line":3,"column":29}},"3":{"start":{"line":4,"column":0},"end":{"line":4,"column":19}},"4":{"start":{"line":5,"column":0},"end":{"line":5,"column":29}},"5":{"start":{"line":6,"column":0},"end":{"line":6,"column":49}},"6":{"start":{"line":7,"column":0},"end":{"line":7,"column":52}},"7":{"start":{"line":8,"column":0},"end":{"line":8,"column":65}},"8":{"start":{"line":9,"column":0},"end":{"line":9,"column":30}},"9":{"start":{"line":10,"column":0},"end":{"line":10,"column":26}},"10":{"start":{"line":11,"column":0},"end":{"line":11,"column":55}},"11":{"start":{"line":12,"column":0},"end":{"line":12,"column":17}},"12":{"start":{"line":13,"column":0},"end":{"line":13,"column":14}},"13":{"start":{"line":14,"column":0},"end":{"line":14,"column":35}},"14":{"start":{"line":15,"column":0},"end":{"line":15,"column":45}},"15":{"start":{"line":16,"column":0},"end":{"line":16,"column":43}},"16":{"start":{"line":17,"column":0},"end":{"line":17,"column":17}},"17":{"start":{"line":18,"column":0},"end":{"line":18,"column":39}},"18":{"start":{"line":19,"column":0},"end":{"line":19,"column":14}},"19":{"start":{"line":20,"column":0},"end":{"line":20,"column":44}},"20":{"start":{"line":21,"column":0},"end":{"line":21,"column":47}},"21":{"start":{"line":22,"column":0},"end":{"line":22,"column":11}},"22":{"start":{"line":23,"column":0},"end":{"line":23,"column":5}},"23":{"start":{"line":24,"column":0},"end":{"line":24,"column":1}},"24":{"start":{"line":25,"column":0},"end":{"line":25,"column":34}}},"s":{"0":0,"1":0,"2":0,"3":0,"4":0,"5":0,"6":0,"7":0,"8":0,"9":0,"10":0,"11":0,"12":0,"13":0,"14":0,"15":0,"16":0,"17":0,"18":0,"19":0,"20":0,"21":0,"22":0,"23":0,"24":0},"branchMap":{"0":{"type":"branch","line":1,"loc":{"start":{"line":1,"column":0},"end":{"line":25,"column":34}},"locations":[{"start":{"line":1,"column":0},"end":{"line":25,"column":34}}]}},"b":{"0":[0]},"fnMap":{"0":{"name":"(empty-report)","decl":{"start":{"line":1,"column":0},"end":{"line":25,"column":34}},"loc":{"start":{"line":1,"column":0},"end":{"line":25,"column":34}},"line":1}},"f":{"0":0}}
,"C:\\Users\\bobba\\Desktop\\workspace\\personal\\dd-mm-creator\\Microservices\\TemplateService\\build\\template\\resolver.js": {"path":"C:\\Users\\bobba\\Desktop\\workspace\\personal\\dd-mm-creator\\Microservices\\TemplateService\\build\\template\\resolver.js","all":true,"statementMap":{"0":{"start":{"line":1,"column":0},"end":{"line":1,"column":13}},"1":{"start":{"line":2,"column":0},"end":{"line":2,"column":88}},"2":{"start":{"line":3,"column":0},"end":{"line":3,"column":129}},"3":{"start":{"line":4,"column":0},"end":{"line":4,"column":131}},"4":{"start":{"line":5,"column":0},"end":{"line":5,"column":150}},"5":{"start":{"line":6,"column":0},"end":{"line":6,"column":66}},"6":{"start":{"line":7,"column":0},"end":{"line":7,"column":2}},"7":{"start":{"line":8,"column":0},"end":{"line":8,"column":63}},"8":{"start":{"line":9,"column":0},"end":{"line":9,"column":109}},"9":{"start":{"line":10,"column":0},"end":{"line":10,"column":2}},"10":{"start":{"line":11,"column":0},"end":{"line":11,"column":62}},"11":{"start":{"line":12,"column":0},"end":{"line":12,"column":34}},"12":{"start":{"line":13,"column":0},"end":{"line":13,"column":47}},"13":{"start":{"line":14,"column":0},"end":{"line":14,"column":47}},"14":{"start":{"line":15,"column":0},"end":{"line":15,"column":13}},"15":{"start":{"line":16,"column":0},"end":{"line":16,"column":20}},"16":{"start":{"line":17,"column":0},"end":{"line":17,"column":5}},"17":{"start":{"line":18,"column":0},"end":{"line":18,"column":2}},"18":{"start":{"line":19,"column":0},"end":{"line":19,"column":44}},"19":{"start":{"line":20,"column":0},"end":{"line":20,"column":12}},"20":{"start":{"line":21,"column":0},"end":{"line":21,"column":44}},"21":{"start":{"line":22,"column":0},"end":{"line":22,"column":40}},"22":{"start":{"line":23,"column":0},"end":{"line":23,"column":40}},"23":{"start":{"line":24,"column":0},"end":{"line":24,"column":43}},"24":{"start":{"line":25,"column":0},"end":{"line":25,"column":46}},"25":{"start":{"line":26,"column":0},"end":{"line":26,"column":58}},"26":{"start":{"line":27,"column":0},"end":{"line":27,"column":34}},"27":{"start":{"line":28,"column":0},"end":{"line":28,"column":21}}},"s":{"0":0,"1":0,"2":0,"3":0,"4":0,"5":0,"6":0,"7":0,"8":0,"9":0,"10":0,"11":0,"12":0,"13":0,"14":0,"15":0,"16":0,"17":0,"18":0,"19":0,"20":0,"21":0,"22":0,"23":0,"24":0,"25":0,"26":0,"27":0},"branchMap":{"0":{"type":"branch","line":1,"loc":{"start":{"line":1,"column":1392},"end":{"line":28,"column":21}},"locations":[{"start":{"line":1,"column":1392},"end":{"line":28,"column":21}}]}},"b":{"0":[0]},"fnMap":{"0":{"name":"(empty-report)","decl":{"start":{"line":1,"column":1392},"end":{"line":28,"column":21}},"loc":{"start":{"line":1,"column":1392},"end":{"line":28,"column":21}},"line":1}},"f":{"0":0}}
,"C:\\Users\\bobba\\Desktop\\workspace\\personal\\dd-mm-creator\\Microservices\\TemplateService\\src\\app.ts": {"path":"C:\\Users\\bobba\\Desktop\\workspace\\personal\\dd-mm-creator\\Microservices\\TemplateService\\src\\app.ts","all":false,"statementMap":{"1":{"start":{"line":2,"column":0},"end":{"line":2,"column":17}},"5":{"start":{"line":6,"column":0},"end":{"line":6,"column":23}},"6":{"start":{"line":7,"column":0},"end":{"line":7,"column":60}},"7":{"start":{"line":8,"column":0},"end":{"line":8,"column":69}},"8":{"start":{"line":9,"column":0},"end":{"line":9,"column":57}},"9":{"start":{"line":10,"column":0},"end":{"line":10,"column":42}},"10":{"start":{"line":11,"column":0},"end":{"line":11,"column":23}},"12":{"start":{"line":13,"column":0},"end":{"line":13,"column":39}},"13":{"start":{"line":14,"column":0},"end":{"line":14,"column":51}},"15":{"start":{"line":16,"column":0},"end":{"line":16,"column":30}},"16":{"start":{"line":17,"column":0},"end":{"line":17,"column":15}},"17":{"start":{"line":18,"column":0},"end":{"line":18,"column":23}},"18":{"start":{"line":19,"column":0},"end":{"line":19,"column":48}},"20":{"start":{"line":21,"column":0},"end":{"line":21,"column":28}},"21":{"start":{"line":22,"column":0},"end":{"line":22,"column":36}},"22":{"start":{"line":23,"column":0},"end":{"line":23,"column":25}},"23":{"start":{"line":24,"column":0},"end":{"line":24,"column":19}},"24":{"start":{"line":25,"column":0},"end":{"line":25,"column":36}},"25":{"start":{"line":26,"column":0},"end":{"line":26,"column":21}},"26":{"start":{"line":27,"column":0},"end":{"line":27,"column":59}},"27":{"start":{"line":28,"column":0},"end":{"line":28,"column":25}},"28":{"start":{"line":29,"column":0},"end":{"line":29,"column":5}},"29":{"start":{"line":30,"column":0},"end":{"line":30,"column":4}},"30":{"start":{"line":31,"column":0},"end":{"line":31,"column":10}},"31":{"start":{"line":32,"column":0},"end":{"line":32,"column":15}},"32":{"start":{"line":33,"column":0},"end":{"line":33,"column":19}},"33":{"start":{"line":34,"column":0},"end":{"line":34,"column":21}},"34":{"start":{"line":35,"column":0},"end":{"line":35,"column":26}},"35":{"start":{"line":36,"column":0},"end":{"line":36,"column":28}},"36":{"start":{"line":37,"column":0},"end":{"line":37,"column":9}},"37":{"start":{"line":38,"column":0},"end":{"line":38,"column":6}},"38":{"start":{"line":39,"column":0},"end":{"line":39,"column":3}},"39":{"start":{"line":40,"column":0},"end":{"line":40,"column":69}},"40":{"start":{"line":41,"column":0},"end":{"line":41,"column":1}}},"s":{"1":1,"5":1,"6":1,"7":1,"8":1,"9":1,"10":1,"12":1,"13":1,"15":1,"16":1,"17":1,"18":1,"20":1,"21":1,"22":1,"23":1,"24":1,"25":1,"26":1,"27":1,"28":1,"29":1,"30":1,"31":1,"32":1,"33":1,"34":1,"35":0,"36":0,"37":1,"38":1,"39":1,"40":1},"branchMap":{"0":{"type":"branch","line":21,"loc":{"start":{"line":21,"column":0},"end":{"line":41,"column":1}},"locations":[{"start":{"line":21,"column":0},"end":{"line":41,"column":1}}]}},"b":{"0":[1]},"fnMap":{"0":{"name":"bootstrap","decl":{"start":{"line":21,"column":0},"end":{"line":41,"column":1}},"loc":{"start":{"line":21,"column":0},"end":{"line":41,"column":1}},"line":21},"1":{"name":"context","decl":{"start":{"line":35,"column":15},"end":{"line":37,"column":9}},"loc":{"start":{"line":35,"column":15},"end":{"line":37,"column":9}},"line":35}},"f":{"0":1,"1":0}}
,"C:\\Users\\bobba\\Desktop\\workspace\\personal\\dd-mm-creator\\Microservices\\TemplateService\\src\\resolvers.ts": {"path":"C:\\Users\\bobba\\Desktop\\workspace\\personal\\dd-mm-creator\\Microservices\\TemplateService\\src\\resolvers.ts","all":false,"statementMap":{"0":{"start":{"line":1,"column":0},"end":{"line":1,"column":54}},"2":{"start":{"line":3,"column":0},"end":{"line":3,"column":52}}},"s":{"0":1,"2":1},"branchMap":{},"b":{},"fnMap":{},"f":{}}
,"C:\\Users\\bobba\\Desktop\\workspace\\personal\\dd-mm-creator\\Microservices\\TemplateService\\src\\server.ts": {"path":"C:\\Users\\bobba\\Desktop\\workspace\\personal\\dd-mm-creator\\Microservices\\TemplateService\\src\\server.ts","all":true,"statementMap":{"0":{"start":{"line":1,"column":0},"end":{"line":1,"column":27}},"1":{"start":{"line":2,"column":0},"end":{"line":2,"column":15}},"3":{"start":{"line":4,"column":0},"end":{"line":4,"column":38}},"5":{"start":{"line":6,"column":0},"end":{"line":6,"column":30}},"6":{"start":{"line":7,"column":0},"end":{"line":7,"column":19}},"7":{"start":{"line":8,"column":0},"end":{"line":8,"column":70}},"8":{"start":{"line":9,"column":0},"end":{"line":9,"column":69}},"9":{"start":{"line":10,"column":0},"end":{"line":10,"column":2}}},"s":{"0":0,"1":0,"3":0,"5":0,"6":0,"7":0,"8":0,"9":0},"branchMap":{"0":{"type":"branch","line":1,"loc":{"start":{"line":1,"column":0},"end":{"line":10,"column":-188}},"locations":[{"start":{"line":1,"column":0},"end":{"line":10,"column":-188}}]}},"b":{"0":[0]},"fnMap":{"0":{"name":"(empty-report)","decl":{"start":{"line":1,"column":0},"end":{"line":10,"column":-188}},"loc":{"start":{"line":1,"column":0},"end":{"line":10,"column":-188}},"line":1}},"f":{"0":0}}
,"C:\\Users\\bobba\\Desktop\\workspace\\personal\\dd-mm-creator\\Microservices\\TemplateService\\src\\auth\\checker.ts": {"path":"C:\\Users\\bobba\\Desktop\\workspace\\personal\\dd-mm-creator\\Microservices\\TemplateService\\src\\auth\\checker.ts","all":false,"statementMap":{"3":{"start":{"line":4,"column":0},"end":{"line":4,"column":39}},"5":{"start":{"line":6,"column":0},"end":{"line":6,"column":63}},"7":{"start":{"line":8,"column":0},"end":{"line":8,"column":38}},"8":{"start":{"line":9,"column":0},"end":{"line":9,"column":7}},"9":{"start":{"line":10,"column":0},"end":{"line":10,"column":79}},"10":{"start":{"line":11,"column":0},"end":{"line":11,"column":11}},"11":{"start":{"line":12,"column":0},"end":{"line":12,"column":16}},"12":{"start":{"line":13,"column":0},"end":{"line":13,"column":3}},"13":{"start":{"line":14,"column":0},"end":{"line":14,"column":13}},"14":{"start":{"line":15,"column":0},"end":{"line":15,"column":1}}},"s":{"3":1,"5":1,"7":0,"8":0,"9":0,"10":0,"11":0,"12":0,"13":0,"14":0},"branchMap":{},"b":{},"fnMap":{"0":{"name":"expressAuthChecker","decl":{"start":{"line":6,"column":56},"end":{"line":15,"column":1}},"loc":{"start":{"line":6,"column":56},"end":{"line":15,"column":1}},"line":6}},"f":{"0":0}}
,"C:\\Users\\bobba\\Desktop\\workspace\\personal\\dd-mm-creator\\Microservices\\TemplateService\\src\\auth\\service.ts": {"path":"C:\\Users\\bobba\\Desktop\\workspace\\personal\\dd-mm-creator\\Microservices\\TemplateService\\src\\auth\\service.ts","all":false,"statementMap":{"2":{"start":{"line":3,"column":0},"end":{"line":3,"column":26}},"3":{"start":{"line":4,"column":0},"end":{"line":4,"column":65}},"4":{"start":{"line":5,"column":0},"end":{"line":5,"column":45}},"5":{"start":{"line":6,"column":0},"end":{"line":6,"column":45}},"6":{"start":{"line":7,"column":0},"end":{"line":7,"column":59}},"7":{"start":{"line":8,"column":0},"end":{"line":8,"column":22}},"8":{"start":{"line":9,"column":0},"end":{"line":9,"column":18}},"9":{"start":{"line":10,"column":0},"end":{"line":10,"column":45}},"10":{"start":{"line":11,"column":0},"end":{"line":11,"column":9}},"11":{"start":{"line":12,"column":0},"end":{"line":12,"column":8}},"12":{"start":{"line":13,"column":0},"end":{"line":13,"column":27}},"13":{"start":{"line":14,"column":0},"end":{"line":14,"column":39}},"14":{"start":{"line":15,"column":0},"end":{"line":15,"column":34}},"15":{"start":{"line":16,"column":0},"end":{"line":16,"column":11}},"16":{"start":{"line":17,"column":0},"end":{"line":17,"column":32}},"17":{"start":{"line":18,"column":0},"end":{"line":18,"column":9}},"18":{"start":{"line":19,"column":0},"end":{"line":19,"column":9}},"19":{"start":{"line":20,"column":0},"end":{"line":20,"column":36}},"20":{"start":{"line":21,"column":0},"end":{"line":21,"column":38}},"21":{"start":{"line":22,"column":0},"end":{"line":22,"column":6}},"22":{"start":{"line":23,"column":0},"end":{"line":23,"column":3}},"23":{"start":{"line":24,"column":0},"end":{"line":24,"column":1}}},"s":{"2":1,"3":1,"4":1,"5":1,"6":1,"7":1,"8":1,"9":1,"10":1,"11":1,"12":1,"13":1,"14":0,"15":0,"16":1,"17":1,"18":1,"19":1,"20":1,"21":1,"22":1,"23":1},"branchMap":{"0":{"type":"branch","line":4,"loc":{"start":{"line":4,"column":2},"end":{"line":23,"column":3}},"locations":[{"start":{"line":4,"column":2},"end":{"line":23,"column":3}}]},"1":{"type":"branch","line":5,"loc":{"start":{"line":5,"column":23},"end":{"line":22,"column":5}},"locations":[{"start":{"line":5,"column":23},"end":{"line":22,"column":5}}]},"2":{"type":"branch","line":13,"loc":{"start":{"line":13,"column":14},"end":{"line":18,"column":9}},"locations":[{"start":{"line":13,"column":14},"end":{"line":18,"column":9}}]},"3":{"type":"branch","line":14,"loc":{"start":{"line":14,"column":38},"end":{"line":16,"column":11}},"locations":[{"start":{"line":14,"column":38},"end":{"line":16,"column":11}}]},"4":{"type":"branch","line":20,"loc":{"start":{"line":20,"column":14},"end":{"line":20,"column":35}},"locations":[{"start":{"line":20,"column":14},"end":{"line":20,"column":35}}]}},"b":{"0":[1],"1":[1],"2":[1],"3":[0],"4":[1]},"fnMap":{"0":{"name":"check","decl":{"start":{"line":4,"column":2},"end":{"line":23,"column":3}},"loc":{"start":{"line":4,"column":2},"end":{"line":23,"column":3}},"line":4}},"f":{"0":1}}
,"C:\\Users\\bobba\\Desktop\\workspace\\personal\\dd-mm-creator\\Microservices\\TemplateService\\src\\template\\resolver.ts": {"path":"C:\\Users\\bobba\\Desktop\\workspace\\personal\\dd-mm-creator\\Microservices\\TemplateService\\src\\template\\resolver.ts","all":false,"statementMap":{"0":{"start":{"line":1,"column":0},"end":{"line":1,"column":8}},"11":{"start":{"line":12,"column":0},"end":{"line":12,"column":11}},"12":{"start":{"line":13,"column":0},"end":{"line":13,"column":31}},"14":{"start":{"line":15,"column":0},"end":{"line":15,"column":22}},"15":{"start":{"line":16,"column":0},"end":{"line":16,"column":19}},"16":{"start":{"line":17,"column":0},"end":{"line":17,"column":16}},"17":{"start":{"line":18,"column":0},"end":{"line":18,"column":3}},"18":{"start":{"line":19,"column":0},"end":{"line":19,"column":1}}},"s":{"0":1,"11":1,"12":1,"14":1,"15":1,"16":0,"17":0,"18":1},"branchMap":{"0":{"type":"branch","line":16,"loc":{"start":{"line":16,"column":2},"end":{"line":16,"column":18}},"locations":[{"start":{"line":16,"column":2},"end":{"line":16,"column":18}}]}},"b":{"0":[1]},"fnMap":{"0":{"name":"dummy","decl":{"start":{"line":16,"column":2},"end":{"line":18,"column":3}},"loc":{"start":{"line":16,"column":2},"end":{"line":18,"column":3}},"line":16}},"f":{"0":0}}
}
